============================= test session starts =============================
platform win32 -- Python 3.13.7, pytest-9.1.1, pluggy-1.6.0 -- C:\Program Files\Python313\python.exe
cachedir: .pytest_cache
rootdir: d:\hackquest\HackQuest\backend
configfile: pytest.ini
plugins: anyio-4.12.1, asyncio-1.4.0
asyncio: mode=Mode.AUTO, debug=False, asyncio_default_fixture_loop_scope=session, asyncio_default_test_loop_scope=function
collecting ... collected 20 items

HackQuest\backend\tests\test_api.py::test_health_endpoint PASSED         [  5%]
HackQuest\backend\tests\test_api.py::test_auth_login_happy_path FAILED   [ 10%]
HackQuest\backend\tests\test_api.py::test_auth_login_invalid_password FAILED [ 15%]
HackQuest\backend\tests\test_api.py::test_auth_me FAILED                 [ 20%]
HackQuest\backend\tests\test_api.py::test_ingest_stock FAILED            [ 25%]
HackQuest\backend\tests\test_api.py::test_ingest_beds FAILED             [ 30%]
HackQuest\backend\tests\test_api.py::test_sync_batch_offline FAILED      [ 35%]
HackQuest\backend\tests\test_api.py::test_national_overview FAILED       [ 40%]
HackQuest\backend\tests\test_api.py::test_state_overview FAILED          [ 45%]
HackQuest\backend\tests\test_api.py::test_district_phcs FAILED           [ 50%]
HackQuest\backend\tests\test_api.py::test_phc_detail FAILED              [ 55%]
HackQuest\backend\tests\test_api.py::test_phc_forecast FAILED            [ 60%]
HackQuest\backend\tests\test_api.py::test_district_forecast FAILED       [ 65%]
HackQuest\backend\tests\test_api.py::test_fl_trigger_and_status FAILED   [ 70%]
HackQuest\backend\tests\test_api.py::test_fl_model_version FAILED        [ 75%]
HackQuest\backend\tests\test_api.py::test_run_optimizer FAILED           [ 80%]
HackQuest\backend\tests\test_api.py::test_list_and_approve_recommendation FAILED [ 85%]
HackQuest\backend\tests\test_api.py::test_transfers_lifecycle_and_transition FAILED [ 90%]
HackQuest\backend\tests\test_api.py::test_outcomes_log_and_summary FAILED [ 95%]
HackQuest\backend\tests\test_api.py::test_audit_logs_rbac FAILED         [100%]

================================== FAILURES ===================================
_________________________ test_auth_login_happy_path __________________________

self = <sqlalchemy.engine.base.Connection object at 0x000001A8BF434EC0>
dialect = <sqlalchemy.dialects.sqlite.aiosqlite.SQLiteDialect_aiosqlite object at 0x000001A8A51338C0>
context = <sqlalchemy.dialects.sqlite.aiosqlite.SQLiteExecutionContext_aiosqlite object at 0x000001A8BF437230>
statement = <sqlalchemy.dialects.sqlite.base.SQLiteCompiler object at 0x000001A8BF4363C0>
parameters = [('admin',)]

    def _exec_single_context(
        self,
        dialect: Dialect,
        context: ExecutionContext,
        statement: Union[str, Compiled],
        parameters: Optional[_AnyMultiExecuteParams],
    ) -> CursorResult[Any]:
        """continue the _execute_context() method for a single DBAPI
        cursor.execute() or cursor.executemany() call.
    
        """
        if dialect.bind_typing is BindTyping.SETINPUTSIZES:
            generic_setinputsizes = context._prepare_set_input_sizes()
    
            if generic_setinputsizes:
                try:
                    dialect.do_set_input_sizes(
                        context.cursor, generic_setinputsizes, context
                    )
                except BaseException as e:
                    self._handle_dbapi_exception(
                        e, str(statement), parameters, None, context
                    )
    
        cursor, str_statement, parameters = (
            context.cursor,
            context.statement,
            context.parameters,
        )
    
        effective_parameters: Optional[_AnyExecuteParams]
    
        if not context.executemany:
            effective_parameters = parameters[0]
        else:
            effective_parameters = parameters
    
        if self._has_events or self.engine._has_events:
            for fn in self.dispatch.before_cursor_execute:
                str_statement, effective_parameters = fn(
                    self,
                    cursor,
                    str_statement,
                    effective_parameters,
                    context,
                    context.executemany,
                )
    
        if self._echo:
            self._log_info(str_statement)
    
            stats = context._get_cache_stats()
    
            if not self.engine.hide_parameters:
                self._log_info(
                    "[%s] %r",
                    stats,
                    sql_util._repr_params(
                        effective_parameters,
                        batches=10,
                        ismulti=context.executemany,
                    ),
                )
            else:
                self._log_info(
                    "[%s] [SQL parameters hidden due to hide_parameters=True]",
                    stats,
                )
    
        evt_handled: bool = False
        try:
            if context.execute_style is ExecuteStyle.EXECUTEMANY:
                effective_parameters = cast(
                    "_CoreMultiExecuteParams", effective_parameters
                )
                if self.dialect._has_events:
                    for fn in self.dialect.dispatch.do_executemany:
                        if fn(
                            cursor,
                            str_statement,
                            effective_parameters,
                            context,
                        ):
                            evt_handled = True
                            break
                if not evt_handled:
                    self.dialect.do_executemany(
                        cursor,
                        str_statement,
                        effective_parameters,
                        context,
                    )
            elif not effective_parameters and context.no_parameters:
                if self.dialect._has_events:
                    for fn in self.dialect.dispatch.do_execute_no_params:
                        if fn(cursor, str_statement, context):
                            evt_handled = True
                            break
                if not evt_handled:
                    self.dialect.do_execute_no_params(
                        cursor, str_statement, context
                    )
            else:
                effective_parameters = cast(
                    "_CoreSingleExecuteParams", effective_parameters
                )
                if self.dialect._has_events:
                    for fn in self.dialect.dispatch.do_execute:
                        if fn(
                            cursor,
                            str_statement,
                            effective_parameters,
                            context,
                        ):
                            evt_handled = True
                            break
                if not evt_handled:
>                   self.dialect.do_execute(
                        cursor, str_statement, effective_parameters, context
                    )

C:\Users\cooli\AppData\Roaming\Python\Python313\site-packages\sqlalchemy\engine\base.py:1969: 
_ _ _ _ _ _ _ _ _ _ _ _ _ _ _ _ _ _ _ _ _ _ _ _ _ _ _ _ _ _ _ _ _ _ _ _ _ _ _ _
C:\Users\cooli\AppData\Roaming\Python\Python313\site-packages\sqlalchemy\engine\default.py:952: in do_execute
    cursor.execute(statement, parameters)
C:\Users\cooli\AppData\Roaming\Python\Python313\site-packages\sqlalchemy\dialects\sqlite\aiosqlite.py:213: in execute
    self._adapt_connection._handle_exception(error)
C:\Users\cooli\AppData\Roaming\Python\Python313\site-packages\sqlalchemy\dialects\sqlite\aiosqlite.py:373: in _handle_exception
    raise error
C:\Users\cooli\AppData\Roaming\Python\Python313\site-packages\sqlalchemy\dialects\sqlite\aiosqlite.py:195: in execute
    self.await_(_cursor.execute(operation, parameters))
C:\Users\cooli\AppData\Roaming\Python\Python313\site-packages\sqlalchemy\util\_concurrency_py3k.py:132: in await_only
    return current.parent.switch(awaitable)  # type: ignore[no-any-return,attr-defined] # noqa: E501
           ^^^^^^^^^^^^^^^^^^^^^^^^^^^^^^^^
C:\Users\cooli\AppData\Roaming\Python\Python313\site-packages\sqlalchemy\util\_concurrency_py3k.py:196: in greenlet_spawn
    value = await result
            ^^^^^^^^^^^^
C:\Users\cooli\AppData\Roaming\Python\Python313\site-packages\aiosqlite\cursor.py:40: in execute
    await self._execute(self._cursor.execute, sql, parameters)
C:\Users\cooli\AppData\Roaming\Python\Python313\site-packages\aiosqlite\cursor.py:32: in _execute
    return await self._conn._execute(fn, *args, **kwargs)
           ^^^^^^^^^^^^^^^^^^^^^^^^^^^^^^^^^^^^^^^^^^^^^^
C:\Users\cooli\AppData\Roaming\Python\Python313\site-packages\aiosqlite\core.py:160: in _execute
    return await future
           ^^^^^^^^^^^^
_ _ _ _ _ _ _ _ _ _ _ _ _ _ _ _ _ _ _ _ _ _ _ _ _ _ _ _ _ _ _ _ _ _ _ _ _ _ _ _

tx = <_queue.SimpleQueue object at 0x000001A8BF514D60>

    def _connection_worker_thread(tx: _TxQueue):
        """
        Execute function calls on a separate thread.
    
        :meta private:
        """
        while True:
            # Continues running until all queue items are processed,
            # even after connection is closed (so we can finalize all
            # futures)
    
            future, function = tx.get()
    
            try:
                LOG.debug("executing %s", function)
>               result = function()
                         ^^^^^^^^^^
E               sqlite3.OperationalError: no such table: users

C:\Users\cooli\AppData\Roaming\Python\Python313\site-packages\aiosqlite\core.py:63: OperationalError

The above exception was the direct cause of the following exception:

client = <httpx.AsyncClient object at 0x000001A8BF461D10>

    async def test_auth_login_happy_path(client):
>       response = await client.post("/auth/login-json", json={
            "username": "admin",
            "password": "password123"
        })

HackQuest\backend\tests\test_api.py:14: 
_ _ _ _ _ _ _ _ _ _ _ _ _ _ _ _ _ _ _ _ _ _ _ _ _ _ _ _ _ _ _ _ _ _ _ _ _ _ _ _
C:\Users\cooli\AppData\Roaming\Python\Python313\site-packages\httpx\_client.py:1859: in post
    return await self.request(
C:\Users\cooli\AppData\Roaming\Python\Python313\site-packages\httpx\_client.py:1540: in request
    return await self.send(request, auth=auth, follow_redirects=follow_redirects)
           ^^^^^^^^^^^^^^^^^^^^^^^^^^^^^^^^^^^^^^^^^^^^^^^^^^^^^^^^^^^^^^^^^^^^^^
C:\Users\cooli\AppData\Roaming\Python\Python313\site-packages\httpx\_client.py:1629: in send
    response = await self._send_handling_auth(
C:\Users\cooli\AppData\Roaming\Python\Python313\site-packages\httpx\_client.py:1657: in _send_handling_auth
    response = await self._send_handling_redirects(
C:\Users\cooli\AppData\Roaming\Python\Python313\site-packages\httpx\_client.py:1694: in _send_handling_redirects
    response = await self._send_single_request(request)
               ^^^^^^^^^^^^^^^^^^^^^^^^^^^^^^^^^^^^^^^^
C:\Users\cooli\AppData\Roaming\Python\Python313\site-packages\httpx\_client.py:1730: in _send_single_request
    response = await transport.handle_async_request(request)
               ^^^^^^^^^^^^^^^^^^^^^^^^^^^^^^^^^^^^^^^^^^^^^
C:\Users\cooli\AppData\Roaming\Python\Python313\site-packages\httpx\_transports\asgi.py:170: in handle_async_request
    await self.app(scope, receive, send)
C:\Users\cooli\AppData\Roaming\Python\Python313\site-packages\fastapi\applications.py:1163: in __call__
    await super().__call__(scope, receive, send)
C:\Users\cooli\AppData\Roaming\Python\Python313\site-packages\starlette\applications.py:90: in __call__
    await self.middleware_stack(scope, receive, send)
C:\Users\cooli\AppData\Roaming\Python\Python313\site-packages\starlette\middleware\errors.py:186: in __call__
    raise exc
C:\Users\cooli\AppData\Roaming\Python\Python313\site-packages\starlette\middleware\errors.py:164: in __call__
    await self.app(scope, receive, _send)
C:\Users\cooli\AppData\Roaming\Python\Python313\site-packages\starlette\middleware\cors.py:88: in __call__
    await self.app(scope, receive, send)
C:\Users\cooli\AppData\Roaming\Python\Python313\site-packages\starlette\middleware\exceptions.py:63: in __call__
    await wrap_app_handling_exceptions(self.app, conn)(scope, receive, send)
C:\Users\cooli\AppData\Roaming\Python\Python313\site-packages\starlette\_exception_handler.py:53: in wrapped_app
    raise exc
C:\Users\cooli\AppData\Roaming\Python\Python313\site-packages\starlette\_exception_handler.py:42: in wrapped_app
    await app(scope, receive, sender)
C:\Users\cooli\AppData\Roaming\Python\Python313\site-packages\fastapi\middleware\asyncexitstack.py:18: in __call__
    await self.app(scope, receive, send)
C:\Users\cooli\AppData\Roaming\Python\Python313\site-packages\starlette\routing.py:660: in __call__
    await self.middleware_stack(scope, receive, send)
C:\Users\cooli\AppData\Roaming\Python\Python313\site-packages\fastapi\routing.py:2543: in app
    await route.handle(scope, receive, send)
C:\Users\cooli\AppData\Roaming\Python\Python313\site-packages\fastapi\routing.py:1700: in handle
    await self.original_router.handle(scope, receive, send)
C:\Users\cooli\AppData\Roaming\Python\Python313\site-packages\fastapi\routing.py:2598: in handle
    await included_router._handle_selected(scope, receive, send)
C:\Users\cooli\AppData\Roaming\Python\Python313\site-packages\fastapi\routing.py:1720: in _handle_selected
    await original_route.handle(scope, receive, send)
C:\Users\cooli\AppData\Roaming\Python\Python313\site-packages\fastapi\routing.py:1239: in handle
    await app(scope, receive, send)
C:\Users\cooli\AppData\Roaming\Python\Python313\site-packages\fastapi\routing.py:150: in app
    await wrap_app_handling_exceptions(app, request)(scope, receive, send)
C:\Users\cooli\AppData\Roaming\Python\Python313\site-packages\starlette\_exception_handler.py:53: in wrapped_app
    raise exc
C:\Users\cooli\AppData\Roaming\Python\Python313\site-packages\starlette\_exception_handler.py:42: in wrapped_app
    await app(scope, receive, sender)
C:\Users\cooli\AppData\Roaming\Python\Python313\site-packages\fastapi\routing.py:136: in app
    response = await f(request)
               ^^^^^^^^^^^^^^^^
C:\Users\cooli\AppData\Roaming\Python\Python313\site-packages\fastapi\routing.py:690: in app
    raw_response = await run_endpoint_function(
C:\Users\cooli\AppData\Roaming\Python\Python313\site-packages\fastapi\routing.py:344: in run_endpoint_function
    return await dependant.call(**values)
           ^^^^^^^^^^^^^^^^^^^^^^^^^^^^^^
HackQuest\backend\app\api\routers\auth.py:72: in login_json
    user = await auth_service.authenticate_user(db, body.username, body.password)
           ^^^^^^^^^^^^^^^^^^^^^^^^^^^^^^^^^^^^^^^^^^^^^^^^^^^^^^^^^^^^^^^^^^^^^^
HackQuest\backend\app\services\auth_service.py:12: in authenticate_user
    result = await db.execute(query)
             ^^^^^^^^^^^^^^^^^^^^^^^
C:\Users\cooli\AppData\Roaming\Python\Python313\site-packages\sqlalchemy\ext\asyncio\session.py:448: in execute
    result = await greenlet_spawn(
C:\Users\cooli\AppData\Roaming\Python\Python313\site-packages\sqlalchemy\util\_concurrency_py3k.py:201: in greenlet_spawn
    result = context.throw(*sys.exc_info())
             ^^^^^^^^^^^^^^^^^^^^^^^^^^^^^^
C:\Users\cooli\AppData\Roaming\Python\Python313\site-packages\sqlalchemy\orm\session.py:2373: in execute
    return self._execute_internal(
C:\Users\cooli\AppData\Roaming\Python\Python313\site-packages\sqlalchemy\orm\session.py:2271: in _execute_internal
    result: Result[Any] = compile_state_cls.orm_execute_statement(
C:\Users\cooli\AppData\Roaming\Python\Python313\site-packages\sqlalchemy\orm\context.py:306: in orm_execute_statement
    result = conn.execute(
C:\Users\cooli\AppData\Roaming\Python\Python313\site-packages\sqlalchemy\engine\base.py:1421: in execute
    return meth(
C:\Users\cooli\AppData\Roaming\Python\Python313\site-packages\sqlalchemy\sql\elements.py:526: in _execute_on_connection
    return connection._execute_clauseelement(
C:\Users\cooli\AppData\Roaming\Python\Python313\site-packages\sqlalchemy\engine\base.py:1643: in _execute_clauseelement
    ret = self._execute_context(
C:\Users\cooli\AppData\Roaming\Python\Python313\site-packages\sqlalchemy\engine\base.py:1848: in _execute_context
    return self._exec_single_context(
C:\Users\cooli\AppData\Roaming\Python\Python313\site-packages\sqlalchemy\engine\base.py:1988: in _exec_single_context
    self._handle_dbapi_exception(
C:\Users\cooli\AppData\Roaming\Python\Python313\site-packages\sqlalchemy\engine\base.py:2365: in _handle_dbapi_exception
    raise sqlalchemy_exception.with_traceback(exc_info[2]) from e
C:\Users\cooli\AppData\Roaming\Python\Python313\site-packages\sqlalchemy\engine\base.py:1969: in _exec_single_context
    self.dialect.do_execute(
C:\Users\cooli\AppData\Roaming\Python\Python313\site-packages\sqlalchemy\engine\default.py:952: in do_execute
    cursor.execute(statement, parameters)
C:\Users\cooli\AppData\Roaming\Python\Python313\site-packages\sqlalchemy\dialects\sqlite\aiosqlite.py:213: in execute
    self._adapt_connection._handle_exception(error)
C:\Users\cooli\AppData\Roaming\Python\Python313\site-packages\sqlalchemy\dialects\sqlite\aiosqlite.py:373: in _handle_exception
    raise error
C:\Users\cooli\AppData\Roaming\Python\Python313\site-packages\sqlalchemy\dialects\sqlite\aiosqlite.py:195: in execute
    self.await_(_cursor.execute(operation, parameters))
C:\Users\cooli\AppData\Roaming\Python\Python313\site-packages\sqlalchemy\util\_concurrency_py3k.py:132: in await_only
    return current.parent.switch(awaitable)  # type: ignore[no-any-return,attr-defined] # noqa: E501
           ^^^^^^^^^^^^^^^^^^^^^^^^^^^^^^^^
C:\Users\cooli\AppData\Roaming\Python\Python313\site-packages\sqlalchemy\util\_concurrency_py3k.py:196: in greenlet_spawn
    value = await result
            ^^^^^^^^^^^^
C:\Users\cooli\AppData\Roaming\Python\Python313\site-packages\aiosqlite\cursor.py:40: in execute
    await self._execute(self._cursor.execute, sql, parameters)
C:\Users\cooli\AppData\Roaming\Python\Python313\site-packages\aiosqlite\cursor.py:32: in _execute
    return await self._conn._execute(fn, *args, **kwargs)
           ^^^^^^^^^^^^^^^^^^^^^^^^^^^^^^^^^^^^^^^^^^^^^^
C:\Users\cooli\AppData\Roaming\Python\Python313\site-packages\aiosqlite\core.py:160: in _execute
    return await future
           ^^^^^^^^^^^^
_ _ _ _ _ _ _ _ _ _ _ _ _ _ _ _ _ _ _ _ _ _ _ _ _ _ _ _ _ _ _ _ _ _ _ _ _ _ _ _

tx = <_queue.SimpleQueue object at 0x000001A8BF514D60>

    def _connection_worker_thread(tx: _TxQueue):
        """
        Execute function calls on a separate thread.
    
        :meta private:
        """
        while True:
            # Continues running until all queue items are processed,
            # even after connection is closed (so we can finalize all
            # futures)
    
            future, function = tx.get()
    
            try:
                LOG.debug("executing %s", function)
>               result = function()
                         ^^^^^^^^^^
E               sqlalchemy.exc.OperationalError: (sqlite3.OperationalError) no such table: users
E               [SQL: SELECT users.id, users.username, users.hashed_password, users.role, users.scope_id 
E               FROM users 
E               WHERE users.username = ?]
E               [parameters: ('admin',)]
E               (Background on this error at: https://sqlalche.me/e/20/e3q8)

C:\Users\cooli\AppData\Roaming\Python\Python313\site-packages\aiosqlite\core.py:63: OperationalError
______________________ test_auth_login_invalid_password _______________________

self = <sqlalchemy.engine.base.Connection object at 0x000001A8BF575F90>
dialect = <sqlalchemy.dialects.sqlite.aiosqlite.SQLiteDialect_aiosqlite object at 0x000001A8A51338C0>
context = <sqlalchemy.dialects.sqlite.aiosqlite.SQLiteExecutionContext_aiosqlite object at 0x000001A8BF576490>
statement = <sqlalchemy.dialects.sqlite.base.SQLiteCompiler object at 0x000001A8BF4363C0>
parameters = [('admin',)]

    def _exec_single_context(
        self,
        dialect: Dialect,
        context: ExecutionContext,
        statement: Union[str, Compiled],
        parameters: Optional[_AnyMultiExecuteParams],
    ) -> CursorResult[Any]:
        """continue the _execute_context() method for a single DBAPI
        cursor.execute() or cursor.executemany() call.
    
        """
        if dialect.bind_typing is BindTyping.SETINPUTSIZES:
            generic_setinputsizes = context._prepare_set_input_sizes()
    
            if generic_setinputsizes:
                try:
                    dialect.do_set_input_sizes(
                        context.cursor, generic_setinputsizes, context
                    )
                except BaseException as e:
                    self._handle_dbapi_exception(
                        e, str(statement), parameters, None, context
                    )
    
        cursor, str_statement, parameters = (
            context.cursor,
            context.statement,
            context.parameters,
        )
    
        effective_parameters: Optional[_AnyExecuteParams]
    
        if not context.executemany:
            effective_parameters = parameters[0]
        else:
            effective_parameters = parameters
    
        if self._has_events or self.engine._has_events:
            for fn in self.dispatch.before_cursor_execute:
                str_statement, effective_parameters = fn(
                    self,
                    cursor,
                    str_statement,
                    effective_parameters,
                    context,
                    context.executemany,
                )
    
        if self._echo:
            self._log_info(str_statement)
    
            stats = context._get_cache_stats()
    
            if not self.engine.hide_parameters:
                self._log_info(
                    "[%s] %r",
                    stats,
                    sql_util._repr_params(
                        effective_parameters,
                        batches=10,
                        ismulti=context.executemany,
                    ),
                )
            else:
                self._log_info(
                    "[%s] [SQL parameters hidden due to hide_parameters=True]",
                    stats,
                )
    
        evt_handled: bool = False
        try:
            if context.execute_style is ExecuteStyle.EXECUTEMANY:
                effective_parameters = cast(
                    "_CoreMultiExecuteParams", effective_parameters
                )
                if self.dialect._has_events:
                    for fn in self.dialect.dispatch.do_executemany:
                        if fn(
                            cursor,
                            str_statement,
                            effective_parameters,
                            context,
                        ):
                            evt_handled = True
                            break
                if not evt_handled:
                    self.dialect.do_executemany(
                        cursor,
                        str_statement,
                        effective_parameters,
                        context,
                    )
            elif not effective_parameters and context.no_parameters:
                if self.dialect._has_events:
                    for fn in self.dialect.dispatch.do_execute_no_params:
                        if fn(cursor, str_statement, context):
                            evt_handled = True
                            break
                if not evt_handled:
                    self.dialect.do_execute_no_params(
                        cursor, str_statement, context
                    )
            else:
                effective_parameters = cast(
                    "_CoreSingleExecuteParams", effective_parameters
                )
                if self.dialect._has_events:
                    for fn in self.dialect.dispatch.do_execute:
                        if fn(
                            cursor,
                            str_statement,
                            effective_parameters,
                            context,
                        ):
                            evt_handled = True
                            break
                if not evt_handled:
>                   self.dialect.do_execute(
                        cursor, str_statement, effective_parameters, context
                    )

C:\Users\cooli\AppData\Roaming\Python\Python313\site-packages\sqlalchemy\engine\base.py:1969: 
_ _ _ _ _ _ _ _ _ _ _ _ _ _ _ _ _ _ _ _ _ _ _ _ _ _ _ _ _ _ _ _ _ _ _ _ _ _ _ _
C:\Users\cooli\AppData\Roaming\Python\Python313\site-packages\sqlalchemy\engine\default.py:952: in do_execute
    cursor.execute(statement, parameters)
C:\Users\cooli\AppData\Roaming\Python\Python313\site-packages\sqlalchemy\dialects\sqlite\aiosqlite.py:213: in execute
    self._adapt_connection._handle_exception(error)
C:\Users\cooli\AppData\Roaming\Python\Python313\site-packages\sqlalchemy\dialects\sqlite\aiosqlite.py:373: in _handle_exception
    raise error
C:\Users\cooli\AppData\Roaming\Python\Python313\site-packages\sqlalchemy\dialects\sqlite\aiosqlite.py:195: in execute
    self.await_(_cursor.execute(operation, parameters))
C:\Users\cooli\AppData\Roaming\Python\Python313\site-packages\sqlalchemy\util\_concurrency_py3k.py:132: in await_only
    return current.parent.switch(awaitable)  # type: ignore[no-any-return,attr-defined] # noqa: E501
           ^^^^^^^^^^^^^^^^^^^^^^^^^^^^^^^^
C:\Users\cooli\AppData\Roaming\Python\Python313\site-packages\sqlalchemy\util\_concurrency_py3k.py:196: in greenlet_spawn
    value = await result
            ^^^^^^^^^^^^
C:\Users\cooli\AppData\Roaming\Python\Python313\site-packages\aiosqlite\cursor.py:40: in execute
    await self._execute(self._cursor.execute, sql, parameters)
C:\Users\cooli\AppData\Roaming\Python\Python313\site-packages\aiosqlite\cursor.py:32: in _execute
    return await self._conn._execute(fn, *args, **kwargs)
           ^^^^^^^^^^^^^^^^^^^^^^^^^^^^^^^^^^^^^^^^^^^^^^
C:\Users\cooli\AppData\Roaming\Python\Python313\site-packages\aiosqlite\core.py:160: in _execute
    return await future
           ^^^^^^^^^^^^
_ _ _ _ _ _ _ _ _ _ _ _ _ _ _ _ _ _ _ _ _ _ _ _ _ _ _ _ _ _ _ _ _ _ _ _ _ _ _ _

tx = <_queue.SimpleQueue object at 0x000001A8BF514D60>

    def _connection_worker_thread(tx: _TxQueue):
        """
        Execute function calls on a separate thread.
    
        :meta private:
        """
        while True:
            # Continues running until all queue items are processed,
            # even after connection is closed (so we can finalize all
            # futures)
    
            future, function = tx.get()
    
            try:
                LOG.debug("executing %s", function)
>               result = function()
                         ^^^^^^^^^^
E               sqlite3.OperationalError: no such table: users

C:\Users\cooli\AppData\Roaming\Python\Python313\site-packages\aiosqlite\core.py:63: OperationalError

The above exception was the direct cause of the following exception:

client = <httpx.AsyncClient object at 0x000001A8BF576C10>

    async def test_auth_login_invalid_password(client):
>       response = await client.post("/auth/login-json", json={
            "username": "admin",
            "password": "wrongpassword"
        })

HackQuest\backend\tests\test_api.py:25: 
_ _ _ _ _ _ _ _ _ _ _ _ _ _ _ _ _ _ _ _ _ _ _ _ _ _ _ _ _ _ _ _ _ _ _ _ _ _ _ _
C:\Users\cooli\AppData\Roaming\Python\Python313\site-packages\httpx\_client.py:1859: in post
    return await self.request(
C:\Users\cooli\AppData\Roaming\Python\Python313\site-packages\httpx\_client.py:1540: in request
    return await self.send(request, auth=auth, follow_redirects=follow_redirects)
           ^^^^^^^^^^^^^^^^^^^^^^^^^^^^^^^^^^^^^^^^^^^^^^^^^^^^^^^^^^^^^^^^^^^^^^
C:\Users\cooli\AppData\Roaming\Python\Python313\site-packages\httpx\_client.py:1629: in send
    response = await self._send_handling_auth(
C:\Users\cooli\AppData\Roaming\Python\Python313\site-packages\httpx\_client.py:1657: in _send_handling_auth
    response = await self._send_handling_redirects(
C:\Users\cooli\AppData\Roaming\Python\Python313\site-packages\httpx\_client.py:1694: in _send_handling_redirects
    response = await self._send_single_request(request)
               ^^^^^^^^^^^^^^^^^^^^^^^^^^^^^^^^^^^^^^^^
C:\Users\cooli\AppData\Roaming\Python\Python313\site-packages\httpx\_client.py:1730: in _send_single_request
    response = await transport.handle_async_request(request)
               ^^^^^^^^^^^^^^^^^^^^^^^^^^^^^^^^^^^^^^^^^^^^^
C:\Users\cooli\AppData\Roaming\Python\Python313\site-packages\httpx\_transports\asgi.py:170: in handle_async_request
    await self.app(scope, receive, send)
C:\Users\cooli\AppData\Roaming\Python\Python313\site-packages\fastapi\applications.py:1163: in __call__
    await super().__call__(scope, receive, send)
C:\Users\cooli\AppData\Roaming\Python\Python313\site-packages\starlette\applications.py:90: in __call__
    await self.middleware_stack(scope, receive, send)
C:\Users\cooli\AppData\Roaming\Python\Python313\site-packages\starlette\middleware\errors.py:186: in __call__
    raise exc
C:\Users\cooli\AppData\Roaming\Python\Python313\site-packages\starlette\middleware\errors.py:164: in __call__
    await self.app(scope, receive, _send)
C:\Users\cooli\AppData\Roaming\Python\Python313\site-packages\starlette\middleware\cors.py:88: in __call__
    await self.app(scope, receive, send)
C:\Users\cooli\AppData\Roaming\Python\Python313\site-packages\starlette\middleware\exceptions.py:63: in __call__
    await wrap_app_handling_exceptions(self.app, conn)(scope, receive, send)
C:\Users\cooli\AppData\Roaming\Python\Python313\site-packages\starlette\_exception_handler.py:53: in wrapped_app
    raise exc
C:\Users\cooli\AppData\Roaming\Python\Python313\site-packages\starlette\_exception_handler.py:42: in wrapped_app
    await app(scope, receive, sender)
C:\Users\cooli\AppData\Roaming\Python\Python313\site-packages\fastapi\middleware\asyncexitstack.py:18: in __call__
    await self.app(scope, receive, send)
C:\Users\cooli\AppData\Roaming\Python\Python313\site-packages\starlette\routing.py:660: in __call__
    await self.middleware_stack(scope, receive, send)
C:\Users\cooli\AppData\Roaming\Python\Python313\site-packages\fastapi\routing.py:2543: in app
    await route.handle(scope, receive, send)
C:\Users\cooli\AppData\Roaming\Python\Python313\site-packages\fastapi\routing.py:1700: in handle
    await self.original_router.handle(scope, receive, send)
C:\Users\cooli\AppData\Roaming\Python\Python313\site-packages\fastapi\routing.py:2598: in handle
    await included_router._handle_selected(scope, receive, send)
C:\Users\cooli\AppData\Roaming\Python\Python313\site-packages\fastapi\routing.py:1720: in _handle_selected
    await original_route.handle(scope, receive, send)
C:\Users\cooli\AppData\Roaming\Python\Python313\site-packages\fastapi\routing.py:1239: in handle
    await app(scope, receive, send)
C:\Users\cooli\AppData\Roaming\Python\Python313\site-packages\fastapi\routing.py:150: in app
    await wrap_app_handling_exceptions(app, request)(scope, receive, send)
C:\Users\cooli\AppData\Roaming\Python\Python313\site-packages\starlette\_exception_handler.py:53: in wrapped_app
    raise exc
C:\Users\cooli\AppData\Roaming\Python\Python313\site-packages\starlette\_exception_handler.py:42: in wrapped_app
    await app(scope, receive, sender)
C:\Users\cooli\AppData\Roaming\Python\Python313\site-packages\fastapi\routing.py:136: in app
    response = await f(request)
               ^^^^^^^^^^^^^^^^
C:\Users\cooli\AppData\Roaming\Python\Python313\site-packages\fastapi\routing.py:690: in app
    raw_response = await run_endpoint_function(
C:\Users\cooli\AppData\Roaming\Python\Python313\site-packages\fastapi\routing.py:344: in run_endpoint_function
    return await dependant.call(**values)
           ^^^^^^^^^^^^^^^^^^^^^^^^^^^^^^
HackQuest\backend\app\api\routers\auth.py:72: in login_json
    user = await auth_service.authenticate_user(db, body.username, body.password)
           ^^^^^^^^^^^^^^^^^^^^^^^^^^^^^^^^^^^^^^^^^^^^^^^^^^^^^^^^^^^^^^^^^^^^^^
HackQuest\backend\app\services\auth_service.py:12: in authenticate_user
    result = await db.execute(query)
             ^^^^^^^^^^^^^^^^^^^^^^^
C:\Users\cooli\AppData\Roaming\Python\Python313\site-packages\sqlalchemy\ext\asyncio\session.py:448: in execute
    result = await greenlet_spawn(
C:\Users\cooli\AppData\Roaming\Python\Python313\site-packages\sqlalchemy\util\_concurrency_py3k.py:201: in greenlet_spawn
    result = context.throw(*sys.exc_info())
             ^^^^^^^^^^^^^^^^^^^^^^^^^^^^^^
C:\Users\cooli\AppData\Roaming\Python\Python313\site-packages\sqlalchemy\orm\session.py:2373: in execute
    return self._execute_internal(
C:\Users\cooli\AppData\Roaming\Python\Python313\site-packages\sqlalchemy\orm\session.py:2271: in _execute_internal
    result: Result[Any] = compile_state_cls.orm_execute_statement(
C:\Users\cooli\AppData\Roaming\Python\Python313\site-packages\sqlalchemy\orm\context.py:306: in orm_execute_statement
    result = conn.execute(
C:\Users\cooli\AppData\Roaming\Python\Python313\site-packages\sqlalchemy\engine\base.py:1421: in execute
    return meth(
C:\Users\cooli\AppData\Roaming\Python\Python313\site-packages\sqlalchemy\sql\elements.py:526: in _execute_on_connection
    return connection._execute_clauseelement(
C:\Users\cooli\AppData\Roaming\Python\Python313\site-packages\sqlalchemy\engine\base.py:1643: in _execute_clauseelement
    ret = self._execute_context(
C:\Users\cooli\AppData\Roaming\Python\Python313\site-packages\sqlalchemy\engine\base.py:1848: in _execute_context
    return self._exec_single_context(
C:\Users\cooli\AppData\Roaming\Python\Python313\site-packages\sqlalchemy\engine\base.py:1988: in _exec_single_context
    self._handle_dbapi_exception(
C:\Users\cooli\AppData\Roaming\Python\Python313\site-packages\sqlalchemy\engine\base.py:2365: in _handle_dbapi_exception
    raise sqlalchemy_exception.with_traceback(exc_info[2]) from e
C:\Users\cooli\AppData\Roaming\Python\Python313\site-packages\sqlalchemy\engine\base.py:1969: in _exec_single_context
    self.dialect.do_execute(
C:\Users\cooli\AppData\Roaming\Python\Python313\site-packages\sqlalchemy\engine\default.py:952: in do_execute
    cursor.execute(statement, parameters)
C:\Users\cooli\AppData\Roaming\Python\Python313\site-packages\sqlalchemy\dialects\sqlite\aiosqlite.py:213: in execute
    self._adapt_connection._handle_exception(error)
C:\Users\cooli\AppData\Roaming\Python\Python313\site-packages\sqlalchemy\dialects\sqlite\aiosqlite.py:373: in _handle_exception
    raise error
C:\Users\cooli\AppData\Roaming\Python\Python313\site-packages\sqlalchemy\dialects\sqlite\aiosqlite.py:195: in execute
    self.await_(_cursor.execute(operation, parameters))
C:\Users\cooli\AppData\Roaming\Python\Python313\site-packages\sqlalchemy\util\_concurrency_py3k.py:132: in await_only
    return current.parent.switch(awaitable)  # type: ignore[no-any-return,attr-defined] # noqa: E501
           ^^^^^^^^^^^^^^^^^^^^^^^^^^^^^^^^
C:\Users\cooli\AppData\Roaming\Python\Python313\site-packages\sqlalchemy\util\_concurrency_py3k.py:196: in greenlet_spawn
    value = await result
            ^^^^^^^^^^^^
C:\Users\cooli\AppData\Roaming\Python\Python313\site-packages\aiosqlite\cursor.py:40: in execute
    await self._execute(self._cursor.execute, sql, parameters)
C:\Users\cooli\AppData\Roaming\Python\Python313\site-packages\aiosqlite\cursor.py:32: in _execute
    return await self._conn._execute(fn, *args, **kwargs)
           ^^^^^^^^^^^^^^^^^^^^^^^^^^^^^^^^^^^^^^^^^^^^^^
C:\Users\cooli\AppData\Roaming\Python\Python313\site-packages\aiosqlite\core.py:160: in _execute
    return await future
           ^^^^^^^^^^^^
_ _ _ _ _ _ _ _ _ _ _ _ _ _ _ _ _ _ _ _ _ _ _ _ _ _ _ _ _ _ _ _ _ _ _ _ _ _ _ _

tx = <_queue.SimpleQueue object at 0x000001A8BF514D60>

    def _connection_worker_thread(tx: _TxQueue):
        """
        Execute function calls on a separate thread.
    
        :meta private:
        """
        while True:
            # Continues running until all queue items are processed,
            # even after connection is closed (so we can finalize all
            # futures)
    
            future, function = tx.get()
    
            try:
                LOG.debug("executing %s", function)
>               result = function()
                         ^^^^^^^^^^
E               sqlalchemy.exc.OperationalError: (sqlite3.OperationalError) no such table: users
E               [SQL: SELECT users.id, users.username, users.hashed_password, users.role, users.scope_id 
E               FROM users 
E               WHERE users.username = ?]
E               [parameters: ('admin',)]
E               (Background on this error at: https://sqlalche.me/e/20/e3q8)

C:\Users\cooli\AppData\Roaming\Python\Python313\site-packages\aiosqlite\core.py:63: OperationalError
________________________________ test_auth_me _________________________________

self = <sqlalchemy.engine.base.Connection object at 0x000001A8BF9D3A80>
dialect = <sqlalchemy.dialects.sqlite.aiosqlite.SQLiteDialect_aiosqlite object at 0x000001A8A51338C0>
context = <sqlalchemy.dialects.sqlite.aiosqlite.SQLiteExecutionContext_aiosqlite object at 0x000001A8BF5747D0>
statement = <sqlalchemy.dialects.sqlite.base.SQLiteCompiler object at 0x000001A8BF577ED0>
parameters = [(1,)]

    def _exec_single_context(
        self,
        dialect: Dialect,
        context: ExecutionContext,
        statement: Union[str, Compiled],
        parameters: Optional[_AnyMultiExecuteParams],
    ) -> CursorResult[Any]:
        """continue the _execute_context() method for a single DBAPI
        cursor.execute() or cursor.executemany() call.
    
        """
        if dialect.bind_typing is BindTyping.SETINPUTSIZES:
            generic_setinputsizes = context._prepare_set_input_sizes()
    
            if generic_setinputsizes:
                try:
                    dialect.do_set_input_sizes(
                        context.cursor, generic_setinputsizes, context
                    )
                except BaseException as e:
                    self._handle_dbapi_exception(
                        e, str(statement), parameters, None, context
                    )
    
        cursor, str_statement, parameters = (
            context.cursor,
            context.statement,
            context.parameters,
        )
    
        effective_parameters: Optional[_AnyExecuteParams]
    
        if not context.executemany:
            effective_parameters = parameters[0]
        else:
            effective_parameters = parameters
    
        if self._has_events or self.engine._has_events:
            for fn in self.dispatch.before_cursor_execute:
                str_statement, effective_parameters = fn(
                    self,
                    cursor,
                    str_statement,
                    effective_parameters,
                    context,
                    context.executemany,
                )
    
        if self._echo:
            self._log_info(str_statement)
    
            stats = context._get_cache_stats()
    
            if not self.engine.hide_parameters:
                self._log_info(
                    "[%s] %r",
                    stats,
                    sql_util._repr_params(
                        effective_parameters,
                        batches=10,
                        ismulti=context.executemany,
                    ),
                )
            else:
                self._log_info(
                    "[%s] [SQL parameters hidden due to hide_parameters=True]",
                    stats,
                )
    
        evt_handled: bool = False
        try:
            if context.execute_style is ExecuteStyle.EXECUTEMANY:
                effective_parameters = cast(
                    "_CoreMultiExecuteParams", effective_parameters
                )
                if self.dialect._has_events:
                    for fn in self.dialect.dispatch.do_executemany:
                        if fn(
                            cursor,
                            str_statement,
                            effective_parameters,
                            context,
                        ):
                            evt_handled = True
                            break
                if not evt_handled:
                    self.dialect.do_executemany(
                        cursor,
                        str_statement,
                        effective_parameters,
                        context,
                    )
            elif not effective_parameters and context.no_parameters:
                if self.dialect._has_events:
                    for fn in self.dialect.dispatch.do_execute_no_params:
                        if fn(cursor, str_statement, context):
                            evt_handled = True
                            break
                if not evt_handled:
                    self.dialect.do_execute_no_params(
                        cursor, str_statement, context
                    )
            else:
                effective_parameters = cast(
                    "_CoreSingleExecuteParams", effective_parameters
                )
                if self.dialect._has_events:
                    for fn in self.dialect.dispatch.do_execute:
                        if fn(
                            cursor,
                            str_statement,
                            effective_parameters,
                            context,
                        ):
                            evt_handled = True
                            break
                if not evt_handled:
>                   self.dialect.do_execute(
                        cursor, str_statement, effective_parameters, context
                    )

C:\Users\cooli\AppData\Roaming\Python\Python313\site-packages\sqlalchemy\engine\base.py:1969: 
_ _ _ _ _ _ _ _ _ _ _ _ _ _ _ _ _ _ _ _ _ _ _ _ _ _ _ _ _ _ _ _ _ _ _ _ _ _ _ _
C:\Users\cooli\AppData\Roaming\Python\Python313\site-packages\sqlalchemy\engine\default.py:952: in do_execute
    cursor.execute(statement, parameters)
C:\Users\cooli\AppData\Roaming\Python\Python313\site-packages\sqlalchemy\dialects\sqlite\aiosqlite.py:213: in execute
    self._adapt_connection._handle_exception(error)
C:\Users\cooli\AppData\Roaming\Python\Python313\site-packages\sqlalchemy\dialects\sqlite\aiosqlite.py:373: in _handle_exception
    raise error
C:\Users\cooli\AppData\Roaming\Python\Python313\site-packages\sqlalchemy\dialects\sqlite\aiosqlite.py:195: in execute
    self.await_(_cursor.execute(operation, parameters))
C:\Users\cooli\AppData\Roaming\Python\Python313\site-packages\sqlalchemy\util\_concurrency_py3k.py:132: in await_only
    return current.parent.switch(awaitable)  # type: ignore[no-any-return,attr-defined] # noqa: E501
           ^^^^^^^^^^^^^^^^^^^^^^^^^^^^^^^^
C:\Users\cooli\AppData\Roaming\Python\Python313\site-packages\sqlalchemy\util\_concurrency_py3k.py:196: in greenlet_spawn
    value = await result
            ^^^^^^^^^^^^
C:\Users\cooli\AppData\Roaming\Python\Python313\site-packages\aiosqlite\cursor.py:40: in execute
    await self._execute(self._cursor.execute, sql, parameters)
C:\Users\cooli\AppData\Roaming\Python\Python313\site-packages\aiosqlite\cursor.py:32: in _execute
    return await self._conn._execute(fn, *args, **kwargs)
           ^^^^^^^^^^^^^^^^^^^^^^^^^^^^^^^^^^^^^^^^^^^^^^
C:\Users\cooli\AppData\Roaming\Python\Python313\site-packages\aiosqlite\core.py:160: in _execute
    return await future
           ^^^^^^^^^^^^
_ _ _ _ _ _ _ _ _ _ _ _ _ _ _ _ _ _ _ _ _ _ _ _ _ _ _ _ _ _ _ _ _ _ _ _ _ _ _ _

tx = <_queue.SimpleQueue object at 0x000001A8BF514D60>

    def _connection_worker_thread(tx: _TxQueue):
        """
        Execute function calls on a separate thread.
    
        :meta private:
        """
        while True:
            # Continues running until all queue items are processed,
            # even after connection is closed (so we can finalize all
            # futures)
    
            future, function = tx.get()
    
            try:
                LOG.debug("executing %s", function)
>               result = function()
                         ^^^^^^^^^^
E               sqlite3.OperationalError: no such table: users

C:\Users\cooli\AppData\Roaming\Python\Python313\site-packages\aiosqlite\core.py:63: OperationalError

The above exception was the direct cause of the following exception:

client = <httpx.AsyncClient object at 0x000001A8BF9D29E0>
admin_headers = {'Authorization': 'Bearer eyJhbGciOiJIUzI1NiIsInR5cCI6IkpXVCJ9.eyJ1c2VyX2lkIjoxLCJzdWIiOiJhZG1pbiIsInVzZXJuYW1lIjoiYWR...2xlIjoibmF0aW9uYWxfYWRtaW4iLCJzY29wZV9pZCI6IklOIiwiZXhwIjoxNzg4Njg1NDUzfQ.4ULUBGbGTFWKCNDpH3UARAkVHrKbIKPgYG-STl-j5ks'}

    async def test_auth_me(client, admin_headers):
>       response = await client.get("/auth/me", headers=admin_headers)
                   ^^^^^^^^^^^^^^^^^^^^^^^^^^^^^^^^^^^^^^^^^^^^^^^^^^^

HackQuest\backend\tests\test_api.py:32: 
_ _ _ _ _ _ _ _ _ _ _ _ _ _ _ _ _ _ _ _ _ _ _ _ _ _ _ _ _ _ _ _ _ _ _ _ _ _ _ _
C:\Users\cooli\AppData\Roaming\Python\Python313\site-packages\httpx\_client.py:1768: in get
    return await self.request(
C:\Users\cooli\AppData\Roaming\Python\Python313\site-packages\httpx\_client.py:1540: in request
    return await self.send(request, auth=auth, follow_redirects=follow_redirects)
           ^^^^^^^^^^^^^^^^^^^^^^^^^^^^^^^^^^^^^^^^^^^^^^^^^^^^^^^^^^^^^^^^^^^^^^
C:\Users\cooli\AppData\Roaming\Python\Python313\site-packages\httpx\_client.py:1629: in send
    response = await self._send_handling_auth(
C:\Users\cooli\AppData\Roaming\Python\Python313\site-packages\httpx\_client.py:1657: in _send_handling_auth
    response = await self._send_handling_redirects(
C:\Users\cooli\AppData\Roaming\Python\Python313\site-packages\httpx\_client.py:1694: in _send_handling_redirects
    response = await self._send_single_request(request)
               ^^^^^^^^^^^^^^^^^^^^^^^^^^^^^^^^^^^^^^^^
C:\Users\cooli\AppData\Roaming\Python\Python313\site-packages\httpx\_client.py:1730: in _send_single_request
    response = await transport.handle_async_request(request)
               ^^^^^^^^^^^^^^^^^^^^^^^^^^^^^^^^^^^^^^^^^^^^^
C:\Users\cooli\AppData\Roaming\Python\Python313\site-packages\httpx\_transports\asgi.py:170: in handle_async_request
    await self.app(scope, receive, send)
C:\Users\cooli\AppData\Roaming\Python\Python313\site-packages\fastapi\applications.py:1163: in __call__
    await super().__call__(scope, receive, send)
C:\Users\cooli\AppData\Roaming\Python\Python313\site-packages\starlette\applications.py:90: in __call__
    await self.middleware_stack(scope, receive, send)
C:\Users\cooli\AppData\Roaming\Python\Python313\site-packages\starlette\middleware\errors.py:186: in __call__
    raise exc
C:\Users\cooli\AppData\Roaming\Python\Python313\site-packages\starlette\middleware\errors.py:164: in __call__
    await self.app(scope, receive, _send)
C:\Users\cooli\AppData\Roaming\Python\Python313\site-packages\starlette\middleware\cors.py:88: in __call__
    await self.app(scope, receive, send)
C:\Users\cooli\AppData\Roaming\Python\Python313\site-packages\starlette\middleware\exceptions.py:63: in __call__
    await wrap_app_handling_exceptions(self.app, conn)(scope, receive, send)
C:\Users\cooli\AppData\Roaming\Python\Python313\site-packages\starlette\_exception_handler.py:53: in wrapped_app
    raise exc
C:\Users\cooli\AppData\Roaming\Python\Python313\site-packages\starlette\_exception_handler.py:42: in wrapped_app
    await app(scope, receive, sender)
C:\Users\cooli\AppData\Roaming\Python\Python313\site-packages\fastapi\middleware\asyncexitstack.py:18: in __call__
    await self.app(scope, receive, send)
C:\Users\cooli\AppData\Roaming\Python\Python313\site-packages\starlette\routing.py:660: in __call__
    await self.middleware_stack(scope, receive, send)
C:\Users\cooli\AppData\Roaming\Python\Python313\site-packages\fastapi\routing.py:2543: in app
    await route.handle(scope, receive, send)
C:\Users\cooli\AppData\Roaming\Python\Python313\site-packages\fastapi\routing.py:1700: in handle
    await self.original_router.handle(scope, receive, send)
C:\Users\cooli\AppData\Roaming\Python\Python313\site-packages\fastapi\routing.py:2598: in handle
    await included_router._handle_selected(scope, receive, send)
C:\Users\cooli\AppData\Roaming\Python\Python313\site-packages\fastapi\routing.py:1720: in _handle_selected
    await original_route.handle(scope, receive, send)
C:\Users\cooli\AppData\Roaming\Python\Python313\site-packages\fastapi\routing.py:1239: in handle
    await app(scope, receive, send)
C:\Users\cooli\AppData\Roaming\Python\Python313\site-packages\fastapi\routing.py:150: in app
    await wrap_app_handling_exceptions(app, request)(scope, receive, send)
C:\Users\cooli\AppData\Roaming\Python\Python313\site-packages\starlette\_exception_handler.py:53: in wrapped_app
    raise exc
C:\Users\cooli\AppData\Roaming\Python\Python313\site-packages\starlette\_exception_handler.py:42: in wrapped_app
    await app(scope, receive, sender)
C:\Users\cooli\AppData\Roaming\Python\Python313\site-packages\fastapi\routing.py:136: in app
    response = await f(request)
               ^^^^^^^^^^^^^^^^
C:\Users\cooli\AppData\Roaming\Python\Python313\site-packages\fastapi\routing.py:473: in app
    solved_result = await solve_dependencies(
C:\Users\cooli\AppData\Roaming\Python\Python313\site-packages\fastapi\dependencies\utils.py:678: in solve_dependencies
    solved = await call(**solved_result.values)
             ^^^^^^^^^^^^^^^^^^^^^^^^^^^^^^^^^^
HackQuest\backend\app\api\deps.py:28: in get_current_user
    result = await db.execute(query)
             ^^^^^^^^^^^^^^^^^^^^^^^
C:\Users\cooli\AppData\Roaming\Python\Python313\site-packages\sqlalchemy\ext\asyncio\session.py:448: in execute
    result = await greenlet_spawn(
C:\Users\cooli\AppData\Roaming\Python\Python313\site-packages\sqlalchemy\util\_concurrency_py3k.py:201: in greenlet_spawn
    result = context.throw(*sys.exc_info())
             ^^^^^^^^^^^^^^^^^^^^^^^^^^^^^^
C:\Users\cooli\AppData\Roaming\Python\Python313\site-packages\sqlalchemy\orm\session.py:2373: in execute
    return self._execute_internal(
C:\Users\cooli\AppData\Roaming\Python\Python313\site-packages\sqlalchemy\orm\session.py:2271: in _execute_internal
    result: Result[Any] = compile_state_cls.orm_execute_statement(
C:\Users\cooli\AppData\Roaming\Python\Python313\site-packages\sqlalchemy\orm\context.py:306: in orm_execute_statement
    result = conn.execute(
C:\Users\cooli\AppData\Roaming\Python\Python313\site-packages\sqlalchemy\engine\base.py:1421: in execute
    return meth(
C:\Users\cooli\AppData\Roaming\Python\Python313\site-packages\sqlalchemy\sql\elements.py:526: in _execute_on_connection
    return connection._execute_clauseelement(
C:\Users\cooli\AppData\Roaming\Python\Python313\site-packages\sqlalchemy\engine\base.py:1643: in _execute_clauseelement
    ret = self._execute_context(
C:\Users\cooli\AppData\Roaming\Python\Python313\site-packages\sqlalchemy\engine\base.py:1848: in _execute_context
    return self._exec_single_context(
C:\Users\cooli\AppData\Roaming\Python\Python313\site-packages\sqlalchemy\engine\base.py:1988: in _exec_single_context
    self._handle_dbapi_exception(
C:\Users\cooli\AppData\Roaming\Python\Python313\site-packages\sqlalchemy\engine\base.py:2365: in _handle_dbapi_exception
    raise sqlalchemy_exception.with_traceback(exc_info[2]) from e
C:\Users\cooli\AppData\Roaming\Python\Python313\site-packages\sqlalchemy\engine\base.py:1969: in _exec_single_context
    self.dialect.do_execute(
C:\Users\cooli\AppData\Roaming\Python\Python313\site-packages\sqlalchemy\engine\default.py:952: in do_execute
    cursor.execute(statement, parameters)
C:\Users\cooli\AppData\Roaming\Python\Python313\site-packages\sqlalchemy\dialects\sqlite\aiosqlite.py:213: in execute
    self._adapt_connection._handle_exception(error)
C:\Users\cooli\AppData\Roaming\Python\Python313\site-packages\sqlalchemy\dialects\sqlite\aiosqlite.py:373: in _handle_exception
    raise error
C:\Users\cooli\AppData\Roaming\Python\Python313\site-packages\sqlalchemy\dialects\sqlite\aiosqlite.py:195: in execute
    self.await_(_cursor.execute(operation, parameters))
C:\Users\cooli\AppData\Roaming\Python\Python313\site-packages\sqlalchemy\util\_concurrency_py3k.py:132: in await_only
    return current.parent.switch(awaitable)  # type: ignore[no-any-return,attr-defined] # noqa: E501
           ^^^^^^^^^^^^^^^^^^^^^^^^^^^^^^^^
C:\Users\cooli\AppData\Roaming\Python\Python313\site-packages\sqlalchemy\util\_concurrency_py3k.py:196: in greenlet_spawn
    value = await result
            ^^^^^^^^^^^^
C:\Users\cooli\AppData\Roaming\Python\Python313\site-packages\aiosqlite\cursor.py:40: in execute
    await self._execute(self._cursor.execute, sql, parameters)
C:\Users\cooli\AppData\Roaming\Python\Python313\site-packages\aiosqlite\cursor.py:32: in _execute
    return await self._conn._execute(fn, *args, **kwargs)
           ^^^^^^^^^^^^^^^^^^^^^^^^^^^^^^^^^^^^^^^^^^^^^^
C:\Users\cooli\AppData\Roaming\Python\Python313\site-packages\aiosqlite\core.py:160: in _execute
    return await future
           ^^^^^^^^^^^^
_ _ _ _ _ _ _ _ _ _ _ _ _ _ _ _ _ _ _ _ _ _ _ _ _ _ _ _ _ _ _ _ _ _ _ _ _ _ _ _

tx = <_queue.SimpleQueue object at 0x000001A8BF514D60>

    def _connection_worker_thread(tx: _TxQueue):
        """
        Execute function calls on a separate thread.
    
        :meta private:
        """
        while True:
            # Continues running until all queue items are processed,
            # even after connection is closed (so we can finalize all
            # futures)
    
            future, function = tx.get()
    
            try:
                LOG.debug("executing %s", function)
>               result = function()
                         ^^^^^^^^^^
E               sqlalchemy.exc.OperationalError: (sqlite3.OperationalError) no such table: users
E               [SQL: SELECT users.id, users.username, users.hashed_password, users.role, users.scope_id 
E               FROM users 
E               WHERE users.id = ?]
E               [parameters: (1,)]
E               (Background on this error at: https://sqlalche.me/e/20/e3q8)

C:\Users\cooli\AppData\Roaming\Python\Python313\site-packages\aiosqlite\core.py:63: OperationalError
______________________________ test_ingest_stock ______________________________

self = <sqlalchemy.engine.base.Connection object at 0x000001A8BFE25E00>
dialect = <sqlalchemy.dialects.sqlite.aiosqlite.SQLiteDialect_aiosqlite object at 0x000001A8A51338C0>
context = <sqlalchemy.dialects.sqlite.aiosqlite.SQLiteExecutionContext_aiosqlite object at 0x000001A8BFE25F30>
statement = <sqlalchemy.dialects.sqlite.base.SQLiteCompiler object at 0x000001A8BF577ED0>
parameters = [(4,)]

    def _exec_single_context(
        self,
        dialect: Dialect,
        context: ExecutionContext,
        statement: Union[str, Compiled],
        parameters: Optional[_AnyMultiExecuteParams],
    ) -> CursorResult[Any]:
        """continue the _execute_context() method for a single DBAPI
        cursor.execute() or cursor.executemany() call.
    
        """
        if dialect.bind_typing is BindTyping.SETINPUTSIZES:
            generic_setinputsizes = context._prepare_set_input_sizes()
    
            if generic_setinputsizes:
                try:
                    dialect.do_set_input_sizes(
                        context.cursor, generic_setinputsizes, context
                    )
                except BaseException as e:
                    self._handle_dbapi_exception(
                        e, str(statement), parameters, None, context
                    )
    
        cursor, str_statement, parameters = (
            context.cursor,
            context.statement,
            context.parameters,
        )
    
        effective_parameters: Optional[_AnyExecuteParams]
    
        if not context.executemany:
            effective_parameters = parameters[0]
        else:
            effective_parameters = parameters
    
        if self._has_events or self.engine._has_events:
            for fn in self.dispatch.before_cursor_execute:
                str_statement, effective_parameters = fn(
                    self,
                    cursor,
                    str_statement,
                    effective_parameters,
                    context,
                    context.executemany,
                )
    
        if self._echo:
            self._log_info(str_statement)
    
            stats = context._get_cache_stats()
    
            if not self.engine.hide_parameters:
                self._log_info(
                    "[%s] %r",
                    stats,
                    sql_util._repr_params(
                        effective_parameters,
                        batches=10,
                        ismulti=context.executemany,
                    ),
                )
            else:
                self._log_info(
                    "[%s] [SQL parameters hidden due to hide_parameters=True]",
                    stats,
                )
    
        evt_handled: bool = False
        try:
            if context.execute_style is ExecuteStyle.EXECUTEMANY:
                effective_parameters = cast(
                    "_CoreMultiExecuteParams", effective_parameters
                )
                if self.dialect._has_events:
                    for fn in self.dialect.dispatch.do_executemany:
                        if fn(
                            cursor,
                            str_statement,
                            effective_parameters,
                            context,
                        ):
                            evt_handled = True
                            break
                if not evt_handled:
                    self.dialect.do_executemany(
                        cursor,
                        str_statement,
                        effective_parameters,
                        context,
                    )
            elif not effective_parameters and context.no_parameters:
                if self.dialect._has_events:
                    for fn in self.dialect.dispatch.do_execute_no_params:
                        if fn(cursor, str_statement, context):
                            evt_handled = True
                            break
                if not evt_handled:
                    self.dialect.do_execute_no_params(
                        cursor, str_statement, context
                    )
            else:
                effective_parameters = cast(
                    "_CoreSingleExecuteParams", effective_parameters
                )
                if self.dialect._has_events:
                    for fn in self.dialect.dispatch.do_execute:
                        if fn(
                            cursor,
                            str_statement,
                            effective_parameters,
                            context,
                        ):
                            evt_handled = True
                            break
                if not evt_handled:
>                   self.dialect.do_execute(
                        cursor, str_statement, effective_parameters, context
                    )

C:\Users\cooli\AppData\Roaming\Python\Python313\site-packages\sqlalchemy\engine\base.py:1969: 
_ _ _ _ _ _ _ _ _ _ _ _ _ _ _ _ _ _ _ _ _ _ _ _ _ _ _ _ _ _ _ _ _ _ _ _ _ _ _ _
C:\Users\cooli\AppData\Roaming\Python\Python313\site-packages\sqlalchemy\engine\default.py:952: in do_execute
    cursor.execute(statement, parameters)
C:\Users\cooli\AppData\Roaming\Python\Python313\site-packages\sqlalchemy\dialects\sqlite\aiosqlite.py:213: in execute
    self._adapt_connection._handle_exception(error)
C:\Users\cooli\AppData\Roaming\Python\Python313\site-packages\sqlalchemy\dialects\sqlite\aiosqlite.py:373: in _handle_exception
    raise error
C:\Users\cooli\AppData\Roaming\Python\Python313\site-packages\sqlalchemy\dialects\sqlite\aiosqlite.py:195: in execute
    self.await_(_cursor.execute(operation, parameters))
C:\Users\cooli\AppData\Roaming\Python\Python313\site-packages\sqlalchemy\util\_concurrency_py3k.py:132: in await_only
    return current.parent.switch(awaitable)  # type: ignore[no-any-return,attr-defined] # noqa: E501
           ^^^^^^^^^^^^^^^^^^^^^^^^^^^^^^^^
C:\Users\cooli\AppData\Roaming\Python\Python313\site-packages\sqlalchemy\util\_concurrency_py3k.py:196: in greenlet_spawn
    value = await result
            ^^^^^^^^^^^^
C:\Users\cooli\AppData\Roaming\Python\Python313\site-packages\aiosqlite\cursor.py:40: in execute
    await self._execute(self._cursor.execute, sql, parameters)
C:\Users\cooli\AppData\Roaming\Python\Python313\site-packages\aiosqlite\cursor.py:32: in _execute
    return await self._conn._execute(fn, *args, **kwargs)
           ^^^^^^^^^^^^^^^^^^^^^^^^^^^^^^^^^^^^^^^^^^^^^^
C:\Users\cooli\AppData\Roaming\Python\Python313\site-packages\aiosqlite\core.py:160: in _execute
    return await future
           ^^^^^^^^^^^^
_ _ _ _ _ _ _ _ _ _ _ _ _ _ _ _ _ _ _ _ _ _ _ _ _ _ _ _ _ _ _ _ _ _ _ _ _ _ _ _

tx = <_queue.SimpleQueue object at 0x000001A8BF514D60>

    def _connection_worker_thread(tx: _TxQueue):
        """
        Execute function calls on a separate thread.
    
        :meta private:
        """
        while True:
            # Continues running until all queue items are processed,
            # even after connection is closed (so we can finalize all
            # futures)
    
            future, function = tx.get()
    
            try:
                LOG.debug("executing %s", function)
>               result = function()
                         ^^^^^^^^^^
E               sqlite3.OperationalError: no such table: users

C:\Users\cooli\AppData\Roaming\Python\Python313\site-packages\aiosqlite\core.py:63: OperationalError

The above exception was the direct cause of the following exception:

client = <httpx.AsyncClient object at 0x000001A8BF9D3CE0>
phc_staff_headers = {'Authorization': 'Bearer eyJhbGciOiJIUzI1NiIsInR5cCI6IkpXVCJ9.eyJ1c2VyX2lkIjo0LCJzdWIiOiJwaGNfbnVyc2UiLCJ1c2VybmFtZSI...waGNfc3RhZmYiLCJzY29wZV9pZCI6IlBIQy1CUi1NVVotMDEiLCJleHAiOjE3ODg2ODU0NTN9.y_XFeHARnwFIbjMdwEuhZjfzBiL9Rr9dAfE85GP2mrE'}

    async def test_ingest_stock(client, phc_staff_headers):
        payload = {
            "medicine_id": "MED-ANTIVENOM",
            "quantity": 125.0,
            "unit": "vials",
            "expiry_date": "2026-11-30",
        }
>       response = await client.post("/phc/PHC-BR-MUZ-01/stock", json=payload, headers=phc_staff_headers)
                   ^^^^^^^^^^^^^^^^^^^^^^^^^^^^^^^^^^^^^^^^^^^^^^^^^^^^^^^^^^^^^^^^^^^^^^^^^^^^^^^^^^^^^^

HackQuest\backend\tests\test_api.py:46: 
_ _ _ _ _ _ _ _ _ _ _ _ _ _ _ _ _ _ _ _ _ _ _ _ _ _ _ _ _ _ _ _ _ _ _ _ _ _ _ _
C:\Users\cooli\AppData\Roaming\Python\Python313\site-packages\httpx\_client.py:1859: in post
    return await self.request(
C:\Users\cooli\AppData\Roaming\Python\Python313\site-packages\httpx\_client.py:1540: in request
    return await self.send(request, auth=auth, follow_redirects=follow_redirects)
           ^^^^^^^^^^^^^^^^^^^^^^^^^^^^^^^^^^^^^^^^^^^^^^^^^^^^^^^^^^^^^^^^^^^^^^
C:\Users\cooli\AppData\Roaming\Python\Python313\site-packages\httpx\_client.py:1629: in send
    response = await self._send_handling_auth(
C:\Users\cooli\AppData\Roaming\Python\Python313\site-packages\httpx\_client.py:1657: in _send_handling_auth
    response = await self._send_handling_redirects(
C:\Users\cooli\AppData\Roaming\Python\Python313\site-packages\httpx\_client.py:1694: in _send_handling_redirects
    response = await self._send_single_request(request)
               ^^^^^^^^^^^^^^^^^^^^^^^^^^^^^^^^^^^^^^^^
C:\Users\cooli\AppData\Roaming\Python\Python313\site-packages\httpx\_client.py:1730: in _send_single_request
    response = await transport.handle_async_request(request)
               ^^^^^^^^^^^^^^^^^^^^^^^^^^^^^^^^^^^^^^^^^^^^^
C:\Users\cooli\AppData\Roaming\Python\Python313\site-packages\httpx\_transports\asgi.py:170: in handle_async_request
    await self.app(scope, receive, send)
C:\Users\cooli\AppData\Roaming\Python\Python313\site-packages\fastapi\applications.py:1163: in __call__
    await super().__call__(scope, receive, send)
C:\Users\cooli\AppData\Roaming\Python\Python313\site-packages\starlette\applications.py:90: in __call__
    await self.middleware_stack(scope, receive, send)
C:\Users\cooli\AppData\Roaming\Python\Python313\site-packages\starlette\middleware\errors.py:186: in __call__
    raise exc
C:\Users\cooli\AppData\Roaming\Python\Python313\site-packages\starlette\middleware\errors.py:164: in __call__
    await self.app(scope, receive, _send)
C:\Users\cooli\AppData\Roaming\Python\Python313\site-packages\starlette\middleware\cors.py:88: in __call__
    await self.app(scope, receive, send)
C:\Users\cooli\AppData\Roaming\Python\Python313\site-packages\starlette\middleware\exceptions.py:63: in __call__
    await wrap_app_handling_exceptions(self.app, conn)(scope, receive, send)
C:\Users\cooli\AppData\Roaming\Python\Python313\site-packages\starlette\_exception_handler.py:53: in wrapped_app
    raise exc
C:\Users\cooli\AppData\Roaming\Python\Python313\site-packages\starlette\_exception_handler.py:42: in wrapped_app
    await app(scope, receive, sender)
C:\Users\cooli\AppData\Roaming\Python\Python313\site-packages\fastapi\middleware\asyncexitstack.py:18: in __call__
    await self.app(scope, receive, send)
C:\Users\cooli\AppData\Roaming\Python\Python313\site-packages\starlette\routing.py:660: in __call__
    await self.middleware_stack(scope, receive, send)
C:\Users\cooli\AppData\Roaming\Python\Python313\site-packages\fastapi\routing.py:2543: in app
    await route.handle(scope, receive, send)
C:\Users\cooli\AppData\Roaming\Python\Python313\site-packages\fastapi\routing.py:1700: in handle
    await self.original_router.handle(scope, receive, send)
C:\Users\cooli\AppData\Roaming\Python\Python313\site-packages\fastapi\routing.py:2598: in handle
    await included_router._handle_selected(scope, receive, send)
C:\Users\cooli\AppData\Roaming\Python\Python313\site-packages\fastapi\routing.py:1720: in _handle_selected
    await original_route.handle(scope, receive, send)
C:\Users\cooli\AppData\Roaming\Python\Python313\site-packages\fastapi\routing.py:1239: in handle
    await app(scope, receive, send)
C:\Users\cooli\AppData\Roaming\Python\Python313\site-packages\fastapi\routing.py:150: in app
    await wrap_app_handling_exceptions(app, request)(scope, receive, send)
C:\Users\cooli\AppData\Roaming\Python\Python313\site-packages\starlette\_exception_handler.py:53: in wrapped_app
    raise exc
C:\Users\cooli\AppData\Roaming\Python\Python313\site-packages\starlette\_exception_handler.py:42: in wrapped_app
    await app(scope, receive, sender)
C:\Users\cooli\AppData\Roaming\Python\Python313\site-packages\fastapi\routing.py:136: in app
    response = await f(request)
               ^^^^^^^^^^^^^^^^
C:\Users\cooli\AppData\Roaming\Python\Python313\site-packages\fastapi\routing.py:473: in app
    solved_result = await solve_dependencies(
C:\Users\cooli\AppData\Roaming\Python\Python313\site-packages\fastapi\dependencies\utils.py:678: in solve_dependencies
    solved = await call(**solved_result.values)
             ^^^^^^^^^^^^^^^^^^^^^^^^^^^^^^^^^^
HackQuest\backend\app\api\deps.py:28: in get_current_user
    result = await db.execute(query)
             ^^^^^^^^^^^^^^^^^^^^^^^
C:\Users\cooli\AppData\Roaming\Python\Python313\site-packages\sqlalchemy\ext\asyncio\session.py:448: in execute
    result = await greenlet_spawn(
C:\Users\cooli\AppData\Roaming\Python\Python313\site-packages\sqlalchemy\util\_concurrency_py3k.py:201: in greenlet_spawn
    result = context.throw(*sys.exc_info())
             ^^^^^^^^^^^^^^^^^^^^^^^^^^^^^^
C:\Users\cooli\AppData\Roaming\Python\Python313\site-packages\sqlalchemy\orm\session.py:2373: in execute
    return self._execute_internal(
C:\Users\cooli\AppData\Roaming\Python\Python313\site-packages\sqlalchemy\orm\session.py:2271: in _execute_internal
    result: Result[Any] = compile_state_cls.orm_execute_statement(
C:\Users\cooli\AppData\Roaming\Python\Python313\site-packages\sqlalchemy\orm\context.py:306: in orm_execute_statement
    result = conn.execute(
C:\Users\cooli\AppData\Roaming\Python\Python313\site-packages\sqlalchemy\engine\base.py:1421: in execute
    return meth(
C:\Users\cooli\AppData\Roaming\Python\Python313\site-packages\sqlalchemy\sql\elements.py:526: in _execute_on_connection
    return connection._execute_clauseelement(
C:\Users\cooli\AppData\Roaming\Python\Python313\site-packages\sqlalchemy\engine\base.py:1643: in _execute_clauseelement
    ret = self._execute_context(
C:\Users\cooli\AppData\Roaming\Python\Python313\site-packages\sqlalchemy\engine\base.py:1848: in _execute_context
    return self._exec_single_context(
C:\Users\cooli\AppData\Roaming\Python\Python313\site-packages\sqlalchemy\engine\base.py:1988: in _exec_single_context
    self._handle_dbapi_exception(
C:\Users\cooli\AppData\Roaming\Python\Python313\site-packages\sqlalchemy\engine\base.py:2365: in _handle_dbapi_exception
    raise sqlalchemy_exception.with_traceback(exc_info[2]) from e
C:\Users\cooli\AppData\Roaming\Python\Python313\site-packages\sqlalchemy\engine\base.py:1969: in _exec_single_context
    self.dialect.do_execute(
C:\Users\cooli\AppData\Roaming\Python\Python313\site-packages\sqlalchemy\engine\default.py:952: in do_execute
    cursor.execute(statement, parameters)
C:\Users\cooli\AppData\Roaming\Python\Python313\site-packages\sqlalchemy\dialects\sqlite\aiosqlite.py:213: in execute
    self._adapt_connection._handle_exception(error)
C:\Users\cooli\AppData\Roaming\Python\Python313\site-packages\sqlalchemy\dialects\sqlite\aiosqlite.py:373: in _handle_exception
    raise error
C:\Users\cooli\AppData\Roaming\Python\Python313\site-packages\sqlalchemy\dialects\sqlite\aiosqlite.py:195: in execute
    self.await_(_cursor.execute(operation, parameters))
C:\Users\cooli\AppData\Roaming\Python\Python313\site-packages\sqlalchemy\util\_concurrency_py3k.py:132: in await_only
    return current.parent.switch(awaitable)  # type: ignore[no-any-return,attr-defined] # noqa: E501
           ^^^^^^^^^^^^^^^^^^^^^^^^^^^^^^^^
C:\Users\cooli\AppData\Roaming\Python\Python313\site-packages\sqlalchemy\util\_concurrency_py3k.py:196: in greenlet_spawn
    value = await result
            ^^^^^^^^^^^^
C:\Users\cooli\AppData\Roaming\Python\Python313\site-packages\aiosqlite\cursor.py:40: in execute
    await self._execute(self._cursor.execute, sql, parameters)
C:\Users\cooli\AppData\Roaming\Python\Python313\site-packages\aiosqlite\cursor.py:32: in _execute
    return await self._conn._execute(fn, *args, **kwargs)
           ^^^^^^^^^^^^^^^^^^^^^^^^^^^^^^^^^^^^^^^^^^^^^^
C:\Users\cooli\AppData\Roaming\Python\Python313\site-packages\aiosqlite\core.py:160: in _execute
    return await future
           ^^^^^^^^^^^^
_ _ _ _ _ _ _ _ _ _ _ _ _ _ _ _ _ _ _ _ _ _ _ _ _ _ _ _ _ _ _ _ _ _ _ _ _ _ _ _

tx = <_queue.SimpleQueue object at 0x000001A8BF514D60>

    def _connection_worker_thread(tx: _TxQueue):
        """
        Execute function calls on a separate thread.
    
        :meta private:
        """
        while True:
            # Continues running until all queue items are processed,
            # even after connection is closed (so we can finalize all
            # futures)
    
            future, function = tx.get()
    
            try:
                LOG.debug("executing %s", function)
>               result = function()
                         ^^^^^^^^^^
E               sqlalchemy.exc.OperationalError: (sqlite3.OperationalError) no such table: users
E               [SQL: SELECT users.id, users.username, users.hashed_password, users.role, users.scope_id 
E               FROM users 
E               WHERE users.id = ?]
E               [parameters: (4,)]
E               (Background on this error at: https://sqlalche.me/e/20/e3q8)

C:\Users\cooli\AppData\Roaming\Python\Python313\site-packages\aiosqlite\core.py:63: OperationalError
______________________________ test_ingest_beds _______________________________

self = <sqlalchemy.engine.base.Connection object at 0x000001A8BFD23890>
dialect = <sqlalchemy.dialects.sqlite.aiosqlite.SQLiteDialect_aiosqlite object at 0x000001A8A51338C0>
context = <sqlalchemy.dialects.sqlite.aiosqlite.SQLiteExecutionContext_aiosqlite object at 0x000001A8BFE26B10>
statement = <sqlalchemy.dialects.sqlite.base.SQLiteCompiler object at 0x000001A8BF577ED0>
parameters = [(4,)]

    def _exec_single_context(
        self,
        dialect: Dialect,
        context: ExecutionContext,
        statement: Union[str, Compiled],
        parameters: Optional[_AnyMultiExecuteParams],
    ) -> CursorResult[Any]:
        """continue the _execute_context() method for a single DBAPI
        cursor.execute() or cursor.executemany() call.
    
        """
        if dialect.bind_typing is BindTyping.SETINPUTSIZES:
            generic_setinputsizes = context._prepare_set_input_sizes()
    
            if generic_setinputsizes:
                try:
                    dialect.do_set_input_sizes(
                        context.cursor, generic_setinputsizes, context
                    )
                except BaseException as e:
                    self._handle_dbapi_exception(
                        e, str(statement), parameters, None, context
                    )
    
        cursor, str_statement, parameters = (
            context.cursor,
            context.statement,
            context.parameters,
        )
    
        effective_parameters: Optional[_AnyExecuteParams]
    
        if not context.executemany:
            effective_parameters = parameters[0]
        else:
            effective_parameters = parameters
    
        if self._has_events or self.engine._has_events:
            for fn in self.dispatch.before_cursor_execute:
                str_statement, effective_parameters = fn(
                    self,
                    cursor,
                    str_statement,
                    effective_parameters,
                    context,
                    context.executemany,
                )
    
        if self._echo:
            self._log_info(str_statement)
    
            stats = context._get_cache_stats()
    
            if not self.engine.hide_parameters:
                self._log_info(
                    "[%s] %r",
                    stats,
                    sql_util._repr_params(
                        effective_parameters,
                        batches=10,
                        ismulti=context.executemany,
                    ),
                )
            else:
                self._log_info(
                    "[%s] [SQL parameters hidden due to hide_parameters=True]",
                    stats,
                )
    
        evt_handled: bool = False
        try:
            if context.execute_style is ExecuteStyle.EXECUTEMANY:
                effective_parameters = cast(
                    "_CoreMultiExecuteParams", effective_parameters
                )
                if self.dialect._has_events:
                    for fn in self.dialect.dispatch.do_executemany:
                        if fn(
                            cursor,
                            str_statement,
                            effective_parameters,
                            context,
                        ):
                            evt_handled = True
                            break
                if not evt_handled:
                    self.dialect.do_executemany(
                        cursor,
                        str_statement,
                        effective_parameters,
                        context,
                    )
            elif not effective_parameters and context.no_parameters:
                if self.dialect._has_events:
                    for fn in self.dialect.dispatch.do_execute_no_params:
                        if fn(cursor, str_statement, context):
                            evt_handled = True
                            break
                if not evt_handled:
                    self.dialect.do_execute_no_params(
                        cursor, str_statement, context
                    )
            else:
                effective_parameters = cast(
                    "_CoreSingleExecuteParams", effective_parameters
                )
                if self.dialect._has_events:
                    for fn in self.dialect.dispatch.do_execute:
                        if fn(
                            cursor,
                            str_statement,
                            effective_parameters,
                            context,
                        ):
                            evt_handled = True
                            break
                if not evt_handled:
>                   self.dialect.do_execute(
                        cursor, str_statement, effective_parameters, context
                    )

C:\Users\cooli\AppData\Roaming\Python\Python313\site-packages\sqlalchemy\engine\base.py:1969: 
_ _ _ _ _ _ _ _ _ _ _ _ _ _ _ _ _ _ _ _ _ _ _ _ _ _ _ _ _ _ _ _ _ _ _ _ _ _ _ _
C:\Users\cooli\AppData\Roaming\Python\Python313\site-packages\sqlalchemy\engine\default.py:952: in do_execute
    cursor.execute(statement, parameters)
C:\Users\cooli\AppData\Roaming\Python\Python313\site-packages\sqlalchemy\dialects\sqlite\aiosqlite.py:213: in execute
    self._adapt_connection._handle_exception(error)
C:\Users\cooli\AppData\Roaming\Python\Python313\site-packages\sqlalchemy\dialects\sqlite\aiosqlite.py:373: in _handle_exception
    raise error
C:\Users\cooli\AppData\Roaming\Python\Python313\site-packages\sqlalchemy\dialects\sqlite\aiosqlite.py:195: in execute
    self.await_(_cursor.execute(operation, parameters))
C:\Users\cooli\AppData\Roaming\Python\Python313\site-packages\sqlalchemy\util\_concurrency_py3k.py:132: in await_only
    return current.parent.switch(awaitable)  # type: ignore[no-any-return,attr-defined] # noqa: E501
           ^^^^^^^^^^^^^^^^^^^^^^^^^^^^^^^^
C:\Users\cooli\AppData\Roaming\Python\Python313\site-packages\sqlalchemy\util\_concurrency_py3k.py:196: in greenlet_spawn
    value = await result
            ^^^^^^^^^^^^
C:\Users\cooli\AppData\Roaming\Python\Python313\site-packages\aiosqlite\cursor.py:40: in execute
    await self._execute(self._cursor.execute, sql, parameters)
C:\Users\cooli\AppData\Roaming\Python\Python313\site-packages\aiosqlite\cursor.py:32: in _execute
    return await self._conn._execute(fn, *args, **kwargs)
           ^^^^^^^^^^^^^^^^^^^^^^^^^^^^^^^^^^^^^^^^^^^^^^
C:\Users\cooli\AppData\Roaming\Python\Python313\site-packages\aiosqlite\core.py:160: in _execute
    return await future
           ^^^^^^^^^^^^
_ _ _ _ _ _ _ _ _ _ _ _ _ _ _ _ _ _ _ _ _ _ _ _ _ _ _ _ _ _ _ _ _ _ _ _ _ _ _ _

tx = <_queue.SimpleQueue object at 0x000001A8BF514D60>

    def _connection_worker_thread(tx: _TxQueue):
        """
        Execute function calls on a separate thread.
    
        :meta private:
        """
        while True:
            # Continues running until all queue items are processed,
            # even after connection is closed (so we can finalize all
            # futures)
    
            future, function = tx.get()
    
            try:
                LOG.debug("executing %s", function)
>               result = function()
                         ^^^^^^^^^^
[...]

C:\Users\cooli\AppData\Roaming\Python\Python313\site-packages\sqlalchemy\engine\base.py:1969: 
_ _ _ _ _ _ _ _ _ _ _ _ _ _ _ _ _ _ _ _ _ _ _ _ _ _ _ _ _ _ _ _ _ _ _ _ _ _ _ _
C:\Users\cooli\AppData\Roaming\Python\Python313\site-packages\sqlalchemy\engine\default.py:952: in do_execute
    cursor.execute(statement, parameters)
C:\Users\cooli\AppData\Roaming\Python\Python313\site-packages\sqlalchemy\dialects\sqlite\aiosqlite.py:213: in execute
    self._adapt_connection._handle_exception(error)
C:\Users\cooli\AppData\Roaming\Python\Python313\site-packages\sqlalchemy\dialects\sqlite\aiosqlite.py:373: in _handle_exception
    raise error
C:\Users\cooli\AppData\Roaming\Python\Python313\site-packages\sqlalchemy\dialects\sqlite\aiosqlite.py:195: in execute
    self.await_(_cursor.execute(operation, parameters))
C:\Users\cooli\AppData\Roaming\Python\Python313\site-packages\sqlalchemy\util\_concurrency_py3k.py:132: in await_only
    return current.parent.switch(awaitable)  # type: ignore[no-any-return,attr-defined] # noqa: E501
           ^^^^^^^^^^^^^^^^^^^^^^^^^^^^^^^^
C:\Users\cooli\AppData\Roaming\Python\Python313\site-packages\sqlalchemy\util\_concurrency_py3k.py:196: in greenlet_spawn
    value = await result
            ^^^^^^^^^^^^
C:\Users\cooli\AppData\Roaming\Python\Python313\site-packages\aiosqlite\cursor.py:40: in execute
    await self._execute(self._cursor.execute, sql, parameters)
C:\Users\cooli\AppData\Roaming\Python\Python313\site-packages\aiosqlite\cursor.py:32: in _execute
    return await self._conn._execute(fn, *args, **kwargs)
           ^^^^^^^^^^^^^^^^^^^^^^^^^^^^^^^^^^^^^^^^^^^^^^
C:\Users\cooli\AppData\Roaming\Python\Python313\site-packages\aiosqlite\core.py:160: in _execute
    return await future
           ^^^^^^^^^^^^
_ _ _ _ _ _ _ _ _ _ _ _ _ _ _ _ _ _ _ _ _ _ _ _ _ _ _ _ _ _ _ _ _ _ _ _ _ _ _ _

tx = <_queue.SimpleQueue object at 0x000001A8BF514D60>

    def _connection_worker_thread(tx: _TxQueue):
        """
        Execute function calls on a separate thread.
    
        :meta private:
        """
        while True:
            # Continues running until all queue items are processed,
            # even after connection is closed (so we can finalize all
            # futures)
    
            future, function = tx.get()
    
            try:
                LOG.debug("executing %s", function)
>               result = function()
                         ^^^^^^^^^^
E               sqlite3.OperationalError: no such table: users

C:\Users\cooli\AppData\Roaming\Python\Python313\site-packages\aiosqlite\core.py:63: OperationalError

The above exception was the direct cause of the following exception:

client = <httpx.AsyncClient object at 0x000001A8BFE17050>
admin_headers = {'Authorization': 'Bearer eyJhbGciOiJIUzI1NiIsInR5cCI6IkpXVCJ9.eyJ1c2VyX2lkIjoxLCJzdWIiOiJhZG1pbiIsInVzZXJuYW1lIjoiYWR...2xlIjoibmF0aW9uYWxfYWRtaW4iLCJzY29wZV9pZCI6IklOIiwiZXhwIjoxNzg4Njg1NDYzfQ.XfQYpuAgduOdI0tAjFw7Tv-pooRdn_MmSxKQ5q7_f20'}
phc_staff_headers = {'Authorization': 'Bearer eyJhbGciOiJIUzI1NiIsInR5cCI6IkpXVCJ9.eyJ1c2VyX2lkIjo0LCJzdWIiOiJwaGNfbnVyc2UiLCJ1c2VybmFtZSI...waGNfc3RhZmYiLCJzY29wZV9pZCI6IlBIQy1CUi1NVVotMDEiLCJleHAiOjE3ODg2ODU0NjN9.BZa6AelSH6ZwbRJASCJgiCaGfgNQcWPVffGnIRFCDKo'}

    async def test_audit_logs_rbac(client, admin_headers, phc_staff_headers):
        # PHC staff should be forbidden
>       denied_resp = await client.get("/audit-logs", headers=phc_staff_headers)
                      ^^^^^^^^^^^^^^^^^^^^^^^^^^^^^^^^^^^^^^^^^^^^^^^^^^^^^^^^^^

HackQuest\backend\tests\test_api.py:214: 
_ _ _ _ _ _ _ _ _ _ _ _ _ _ _ _ _ _ _ _ _ _ _ _ _ _ _ _ _ _ _ _ _ _ _ _ _ _ _ _
C:\Users\cooli\AppData\Roaming\Python\Python313\site-packages\httpx\_client.py:1768: in get
    return await self.request(
C:\Users\cooli\AppData\Roaming\Python\Python313\site-packages\httpx\_client.py:1540: in request
    return await self.send(request, auth=auth, follow_redirects=follow_redirects)
           ^^^^^^^^^^^^^^^^^^^^^^^^^^^^^^^^^^^^^^^^^^^^^^^^^^^^^^^^^^^^^^^^^^^^^^
C:\Users\cooli\AppData\Roaming\Python\Python313\site-packages\httpx\_client.py:1629: in send
    response = await self._send_handling_auth(
C:\Users\cooli\AppData\Roaming\Python\Python313\site-packages\httpx\_client.py:1657: in _send_handling_auth
    response = await self._send_handling_redirects(
C:\Users\cooli\AppData\Roaming\Python\Python313\site-packages\httpx\_client.py:1694: in _send_handling_redirects
    response = await self._send_single_request(request)
               ^^^^^^^^^^^^^^^^^^^^^^^^^^^^^^^^^^^^^^^^
C:\Users\cooli\AppData\Roaming\Python\Python313\site-packages\httpx\_client.py:1730: in _send_single_request
    response = await transport.handle_async_request(request)
               ^^^^^^^^^^^^^^^^^^^^^^^^^^^^^^^^^^^^^^^^^^^^^
C:\Users\cooli\AppData\Roaming\Python\Python313\site-packages\httpx\_transports\asgi.py:170: in handle_async_request
    await self.app(scope, receive, send)
C:\Users\cooli\AppData\Roaming\Python\Python313\site-packages\fastapi\applications.py:1163: in __call__
    await super().__call__(scope, receive, send)
C:\Users\cooli\AppData\Roaming\Python\Python313\site-packages\starlette\applications.py:90: in __call__
    await self.middleware_stack(scope, receive, send)
C:\Users\cooli\AppData\Roaming\Python\Python313\site-packages\starlette\middleware\errors.py:186: in __call__
    raise exc
C:\Users\cooli\AppData\Roaming\Python\Python313\site-packages\starlette\middleware\errors.py:164: in __call__
    await self.app(scope, receive, _send)
C:\Users\cooli\AppData\Roaming\Python\Python313\site-packages\starlette\middleware\cors.py:88: in __call__
    await self.app(scope, receive, send)
C:\Users\cooli\AppData\Roaming\Python\Python313\site-packages\starlette\middleware\exceptions.py:63: in __call__
    await wrap_app_handling_exceptions(self.app, conn)(scope, receive, send)
C:\Users\cooli\AppData\Roaming\Python\Python313\site-packages\starlette\_exception_handler.py:53: in wrapped_app
    raise exc
C:\Users\cooli\AppData\Roaming\Python\Python313\site-packages\starlette\_exception_handler.py:42: in wrapped_app
    await app(scope, receive, sender)
C:\Users\cooli\AppData\Roaming\Python\Python313\site-packages\fastapi\middleware\asyncexitstack.py:18: in __call__
    await self.app(scope, receive, send)
C:\Users\cooli\AppData\Roaming\Python\Python313\site-packages\starlette\routing.py:660: in __call__
    await self.middleware_stack(scope, receive, send)
C:\Users\cooli\AppData\Roaming\Python\Python313\site-packages\fastapi\routing.py:2543: in app
    await route.handle(scope, receive, send)
C:\Users\cooli\AppData\Roaming\Python\Python313\site-packages\fastapi\routing.py:1700: in handle
    await self.original_router.handle(scope, receive, send)
C:\Users\cooli\AppData\Roaming\Python\Python313\site-packages\fastapi\routing.py:2598: in handle
    await included_router._handle_selected(scope, receive, send)
C:\Users\cooli\AppData\Roaming\Python\Python313\site-packages\fastapi\routing.py:1720: in _handle_selected
    await original_route.handle(scope, receive, send)
C:\Users\cooli\AppData\Roaming\Python\Python313\site-packages\fastapi\routing.py:1239: in handle
    await app(scope, receive, send)
C:\Users\cooli\AppData\Roaming\Python\Python313\site-packages\fastapi\routing.py:150: in app
    await wrap_app_handling_exceptions(app, request)(scope, receive, send)
C:\Users\cooli\AppData\Roaming\Python\Python313\site-packages\starlette\_exception_handler.py:53: in wrapped_app
    raise exc
C:\Users\cooli\AppData\Roaming\Python\Python313\site-packages\starlette\_exception_handler.py:42: in wrapped_app
    await app(scope, receive, sender)
C:\Users\cooli\AppData\Roaming\Python\Python313\site-packages\fastapi\routing.py:136: in app
    response = await f(request)
               ^^^^^^^^^^^^^^^^
C:\Users\cooli\AppData\Roaming\Python\Python313\site-packages\fastapi\routing.py:473: in app
    solved_result = await solve_dependencies(
C:\Users\cooli\AppData\Roaming\Python\Python313\site-packages\fastapi\dependencies\utils.py:649: in solve_dependencies
    solved_result = await solve_dependencies(
C:\Users\cooli\AppData\Roaming\Python\Python313\site-packages\fastapi\dependencies\utils.py:678: in solve_dependencies
    solved = await call(**solved_result.values)
             ^^^^^^^^^^^^^^^^^^^^^^^^^^^^^^^^^^
HackQuest\backend\app\api\deps.py:28: in get_current_user
    result = await db.execute(query)
             ^^^^^^^^^^^^^^^^^^^^^^^
C:\Users\cooli\AppData\Roaming\Python\Python313\site-packages\sqlalchemy\ext\asyncio\session.py:448: in execute
    result = await greenlet_spawn(
C:\Users\cooli\AppData\Roaming\Python\Python313\site-packages\sqlalchemy\util\_concurrency_py3k.py:201: in greenlet_spawn
    result = context.throw(*sys.exc_info())
             ^^^^^^^^^^^^^^^^^^^^^^^^^^^^^^
C:\Users\cooli\AppData\Roaming\Python\Python313\site-packages\sqlalchemy\orm\session.py:2373: in execute
    return self._execute_internal(
C:\Users\cooli\AppData\Roaming\Python\Python313\site-packages\sqlalchemy\orm\session.py:2271: in _execute_internal
    result: Result[Any] = compile_state_cls.orm_execute_statement(
C:\Users\cooli\AppData\Roaming\Python\Python313\site-packages\sqlalchemy\orm\context.py:306: in orm_execute_statement
    result = conn.execute(
C:\Users\cooli\AppData\Roaming\Python\Python313\site-packages\sqlalchemy\engine\base.py:1421: in execute
    return meth(
C:\Users\cooli\AppData\Roaming\Python\Python313\site-packages\sqlalchemy\sql\elements.py:526: in _execute_on_connection
    return connection._execute_clauseelement(
C:\Users\cooli\AppData\Roaming\Python\Python313\site-packages\sqlalchemy\engine\base.py:1643: in _execute_clauseelement
    ret = self._execute_context(
C:\Users\cooli\AppData\Roaming\Python\Python313\site-packages\sqlalchemy\engine\base.py:1848: in _execute_context
    return self._exec_single_context(
C:\Users\cooli\AppData\Roaming\Python\Python313\site-packages\sqlalchemy\engine\base.py:1988: in _exec_single_context
    self._handle_dbapi_exception(
C:\Users\cooli\AppData\Roaming\Python\Python313\site-packages\sqlalchemy\engine\base.py:2365: in _handle_dbapi_exception
    raise sqlalchemy_exception.with_traceback(exc_info[2]) from e
C:\Users\cooli\AppData\Roaming\Python\Python313\site-packages\sqlalchemy\engine\base.py:1969: in _exec_single_context
    self.dialect.do_execute(
C:\Users\cooli\AppData\Roaming\Python\Python313\site-packages\sqlalchemy\engine\default.py:952: in do_execute
    cursor.execute(statement, parameters)
C:\Users\cooli\AppData\Roaming\Python\Python313\site-packages\sqlalchemy\dialects\sqlite\aiosqlite.py:213: in execute
    self._adapt_connection._handle_exception(error)
C:\Users\cooli\AppData\Roaming\Python\Python313\site-packages\sqlalchemy\dialects\sqlite\aiosqlite.py:373: in _handle_exception
    raise error
C:\Users\cooli\AppData\Roaming\Python\Python313\site-packages\sqlalchemy\dialects\sqlite\aiosqlite.py:195: in execute
    self.await_(_cursor.execute(operation, parameters))
C:\Users\cooli\AppData\Roaming\Python\Python313\site-packages\sqlalchemy\util\_concurrency_py3k.py:132: in await_only
    return current.parent.switch(awaitable)  # type: ignore[no-any-return,attr-defined] # noqa: E501
           ^^^^^^^^^^^^^^^^^^^^^^^^^^^^^^^^
C:\Users\cooli\AppData\Roaming\Python\Python313\site-packages\sqlalchemy\util\_concurrency_py3k.py:196: in greenlet_spawn
    value = await result
            ^^^^^^^^^^^^
C:\Users\cooli\AppData\Roaming\Python\Python313\site-packages\aiosqlite\cursor.py:40: in execute
    await self._execute(self._cursor.execute, sql, parameters)
C:\Users\cooli\AppData\Roaming\Python\Python313\site-packages\aiosqlite\cursor.py:32: in _execute
    return await self._conn._execute(fn, *args, **kwargs)
           ^^^^^^^^^^^^^^^^^^^^^^^^^^^^^^^^^^^^^^^^^^^^^^
C:\Users\cooli\AppData\Roaming\Python\Python313\site-packages\aiosqlite\core.py:160: in _execute
    return await future
           ^^^^^^^^^^^^
_ _ _ _ _ _ _ _ _ _ _ _ _ _ _ _ _ _ _ _ _ _ _ _ _ _ _ _ _ _ _ _ _ _ _ _ _ _ _ _

tx = <_queue.SimpleQueue object at 0x000001A8BF514D60>

    def _connection_worker_thread(tx: _TxQueue):
        """
        Execute function calls on a separate thread.
    
        :meta private:
        """
        while True:
            # Continues running until all queue items are processed,
            # even after connection is closed (so we can finalize all
            # futures)
    
            future, function = tx.get()
    
            try:
                LOG.debug("executing %s", function)
>               result = function()
                         ^^^^^^^^^^
E               sqlalchemy.exc.OperationalError: (sqlite3.OperationalError) no such table: users
E               [SQL: SELECT users.id, users.username, users.hashed_password, users.role, users.scope_id 
E               FROM users 
E               WHERE users.id = ?]
E               [parameters: (4,)]
E               (Background on this error at: https://sqlalche.me/e/20/e3q8)

C:\Users\cooli\AppData\Roaming\Python\Python313\site-packages\aiosqlite\core.py:63: OperationalError
=========================== short test summary info ===========================
FAILED HackQuest\backend\tests\test_api.py::test_auth_login_happy_path - sqlalchemy.exc.OperationalError: (sqlite3.OperationalError) no such table: users
[SQL: SELECT users.id, users.username, users.hashed_password, users.role, users.scope_id 
FROM users 
WHERE users.username = ?]
[parameters: ('admin',)]
(Background on this error at: https://sqlalche.me/e/20/e3q8)
FAILED HackQuest\backend\tests\test_api.py::test_auth_login_invalid_password - sqlalchemy.exc.OperationalError: (sqlite3.OperationalError) no such table: users
[SQL: SELECT users.id, users.username, users.hashed_password, users.role, users.scope_id 
FROM users 
WHERE users.username = ?]
[parameters: ('admin',)]
(Background on this error at: https://sqlalche.me/e/20/e3q8)
FAILED HackQuest\backend\tests\test_api.py::test_auth_me - sqlalchemy.exc.OperationalError: (sqlite3.OperationalError) no such table: users
[SQL: SELECT users.id, users.username, users.hashed_password, users.role, users.scope_id 
FROM users 
WHERE users.id = ?]
[parameters: (1,)]
(Background on this error at: https://sqlalche.me/e/20/e3q8)
FAILED HackQuest\backend\tests\test_api.py::test_ingest_stock - sqlalchemy.exc.OperationalError: (sqlite3.OperationalError) no such table: users
[SQL: SELECT users.id, users.username, users.hashed_password, users.role, users.scope_id 
FROM users 
WHERE users.id = ?]
[parameters: (4,)]
(Background on this error at: https://sqlalche.me/e/20/e3q8)
FAILED HackQuest\backend\tests\test_api.py::test_ingest_beds - sqlalchemy.exc.OperationalError: (sqlite3.OperationalError) no such table: users
[SQL: SELECT users.id, users.username, users.hashed_password, users.role, users.scope_id 
FROM users 
WHERE users.id = ?]
[parameters: (4,)]
(Background on this error at: https://sqlalche.me/e/20/e3q8)
FAILED HackQuest\backend\tests\test_api.py::test_sync_batch_offline - sqlalchemy.exc.OperationalError: (sqlite3.OperationalError) no such table: users
[SQL: SELECT users.id, users.username, users.hashed_password, users.role, users.scope_id 
FROM users 
WHERE users.id = ?]
[parameters: (4,)]
(Background on this error at: https://sqlalche.me/e/20/e3q8)
FAILED HackQuest\backend\tests\test_api.py::test_national_overview - sqlalchemy.exc.OperationalError: (sqlite3.OperationalError) no such table: users
[SQL: SELECT users.id, users.username, users.hashed_password, users.role, users.scope_id 
FROM users 
WHERE users.id = ?]
[parameters: (1,)]
(Background on this error at: https://sqlalche.me/e/20/e3q8)
FAILED HackQuest\backend\tests\test_api.py::test_state_overview - sqlalchemy.exc.OperationalError: (sqlite3.OperationalError) no such table: users
[SQL: SELECT users.id, users.username, users.hashed_password, users.role, users.scope_id 
FROM users 
WHERE users.id = ?]
[parameters: (1,)]
(Background on this error at: https://sqlalche.me/e/20/e3q8)
FAILED HackQuest\backend\tests\test_api.py::test_district_phcs - sqlalchemy.exc.OperationalError: (sqlite3.OperationalError) no such table: users
[SQL: SELECT users.id, users.username, users.hashed_password, users.role, users.scope_id 
FROM users 
WHERE users.id = ?]
[parameters: (1,)]
(Background on this error at: https://sqlalche.me/e/20/e3q8)
FAILED HackQuest\backend\tests\test_api.py::test_phc_detail - sqlalchemy.exc.OperationalError: (sqlite3.OperationalError) no such table: users
[SQL: SELECT users.id, users.username, users.hashed_password, users.role, users.scope_id 
FROM users 
WHERE users.id = ?]
[parameters: (1,)]
(Background on this error at: https://sqlalche.me/e/20/e3q8)
FAILED HackQuest\backend\tests\test_api.py::test_phc_forecast - sqlalchemy.exc.OperationalError: (sqlite3.OperationalError) no such table: users
[SQL: SELECT users.id, users.username, users.hashed_password, users.role, users.scope_id 
FROM users 
WHERE users.id = ?]
[parameters: (1,)]
(Background on this error at: https://sqlalche.me/e/20/e3q8)
FAILED HackQuest\backend\tests\test_api.py::test_district_forecast - sqlalchemy.exc.OperationalError: (sqlite3.OperationalError) no such table: users
[SQL: SELECT users.id, users.username, users.hashed_password, users.role, users.scope_id 
FROM users 
WHERE users.id = ?]
[parameters: (1,)]
(Background on this error at: https://sqlalche.me/e/20/e3q8)
FAILED HackQuest\backend\tests\test_api.py::test_fl_trigger_and_status - sqlalchemy.exc.OperationalError: (sqlite3.OperationalError) no such table: users
[SQL: SELECT users.id, users.username, users.hashed_password, users.role, users.scope_id 
FROM users 
WHERE users.id = ?]
[parameters: (1,)]
(Background on this error at: https://sqlalche.me/e/20/e3q8)
FAILED HackQuest\backend\tests\test_api.py::test_fl_model_version - sqlalchemy.exc.OperationalError: (sqlite3.OperationalError) no such table: users
[SQL: SELECT users.id, users.username, users.hashed_password, users.role, users.scope_id 
FROM users 
WHERE users.id = ?]
[parameters: (1,)]
(Background on this error at: https://sqlalche.me/e/20/e3q8)
FAILED HackQuest\backend\tests\test_api.py::test_run_optimizer - sqlalchemy.exc.OperationalError: (sqlite3.OperationalError) no such table: users
[SQL: SELECT users.id, users.username, users.hashed_password, users.role, users.scope_id 
FROM users 
WHERE users.id = ?]
[parameters: (2,)]
(Background on this error at: https://sqlalche.me/e/20/e3q8)
FAILED HackQuest\backend\tests\test_api.py::test_list_and_approve_recommendation - sqlalchemy.exc.OperationalError: (sqlite3.OperationalError) no such table: users
[SQL: SELECT users.id, users.username, users.hashed_password, users.role, users.scope_id 
FROM users 
WHERE users.id = ?]
[parameters: (3,)]
(Background on this error at: https://sqlalche.me/e/20/e3q8)
FAILED HackQuest\backend\tests\test_api.py::test_transfers_lifecycle_and_transition - sqlalchemy.exc.OperationalError: (sqlite3.OperationalError) no such table: users
[SQL: SELECT users.id, users.username, users.hashed_password, users.role, users.scope_id 
FROM users 
WHERE users.id = ?]
[parameters: (1,)]
(Background on this error at: https://sqlalche.me/e/20/e3q8)
FAILED HackQuest\backend\tests\test_api.py::test_outcomes_log_and_summary - sqlalchemy.exc.OperationalError: (sqlite3.OperationalError) no such table: users
[SQL: SELECT users.id, users.username, users.hashed_password, users.role, users.scope_id 
FROM users 
WHERE users.id = ?]
[parameters: (1,)]
(Background on this error at: https://sqlalche.me/e/20/e3q8)
FAILED HackQuest\backend\tests\test_api.py::test_audit_logs_rbac - sqlalchemy.exc.OperationalError: (sqlite3.OperationalError) no such table: users
[SQL: SELECT users.id, users.username, users.hashed_password, users.role, users.scope_id 
FROM users 
WHERE users.id = ?]
[parameters: (4,)]
(Background on this error at: https://sqlalche.me/e/20/e3q8)
======================== 19 failed, 1 passed in 13.36s ========================
